[2026-05-27 09:03:36] [info] Localhost config loaded
Data: {
    "database": "srms",
    "environment": "sandbox",
    "base_url": "http:\/\/localhost\/eduscore"
}
--------------------------------------------------------------------------------
[2026-05-27 09:11:47] [info] Localhost config loaded
Data: {
    "database": "srms",
    "environment": "sandbox",
    "base_url": "http:\/\/localhost\/eduscore"
}
--------------------------------------------------------------------------------
[2026-05-27 09:11:51] [info] Localhost config loaded
Data: {
    "database": "srms",
    "environment": "sandbox",
    "base_url": "http:\/\/localhost\/eduscore"
}
--------------------------------------------------------------------------------
[2026-05-27 09:20:36] [info] Localhost config loaded
Data: {
    "database": "srms",
    "environment": "sandbox",
    "base_url": "http:\/\/localhost\/eduscore"
}
--------------------------------------------------------------------------------
[2026-05-27 09:21:09] [info] Localhost config loaded
Data: {
    "database": "srms",
    "environment": "sandbox",
    "base_url": "http:\/\/localhost\/eduscore"
}
--------------------------------------------------------------------------------
[2026-05-27 09:21:23] [info] Localhost config loaded
Data: {
    "database": "srms",
    "environment": "sandbox",
    "base_url": "http:\/\/localhost\/eduscore"
}
--------------------------------------------------------------------------------
[2026-05-27 09:23:51] [info] Localhost config loaded
Data: {
    "database": "srms",
    "environment": "sandbox",
    "base_url": "http:\/\/localhost\/eduscore"
}
--------------------------------------------------------------------------------
[2026-05-27 09:24:16] [info] Localhost config loaded
Data: {
    "database": "srms",
    "environment": "sandbox",
    "base_url": "http:\/\/localhost\/eduscore"
}
--------------------------------------------------------------------------------
[2026-05-27 09:26:59] [info] Localhost config loaded
Data: {
    "database": "srms",
    "environment": "sandbox",
    "base_url": "http:\/\/localhost\/eduscore"
}
--------------------------------------------------------------------------------
[2026-05-27 09:32:16] [info] Localhost config loaded
Data: {
    "database": "srms",
    "environment": "sandbox",
    "base_url": "http:\/\/localhost\/eduscore"
}
--------------------------------------------------------------------------------
[2026-05-27 09:42:34] [info] Localhost config loaded
Data: {
    "database": "srms",
    "environment": "sandbox",
    "base_url": "http:\/\/localhost\/eduscore"
}
--------------------------------------------------------------------------------
[2026-05-27 09:43:45] [info] Localhost config loaded
Data: {
    "database": "srms",
    "environment": "sandbox",
    "base_url": "http:\/\/localhost\/eduscore"
}
--------------------------------------------------------------------------------
[2026-05-27 09:44:53] [info] Localhost config loaded
Data: {
    "database": "srms",
    "environment": "sandbox",
    "base_url": "http:\/\/localhost\/eduscore"
}
--------------------------------------------------------------------------------
[2026-05-27 09:45:01] [info] Localhost config loaded
Data: {
    "database": "srms",
    "environment": "sandbox",
    "base_url": "http:\/\/localhost\/eduscore"
}
--------------------------------------------------------------------------------
[2026-05-27 09:47:04] [info] Localhost config loaded
Data: {
    "database": "srms",
    "environment": "sandbox",
    "base_url": "http:\/\/localhost\/eduscore"
}
--------------------------------------------------------------------------------
[2026-05-27 09:48:22] [info] Localhost config loaded
Data: {
    "database": "srms",
    "environment": "sandbox",
    "base_url": "http:\/\/localhost\/eduscore"
}
--------------------------------------------------------------------------------
[2026-05-27 09:55:19] [info] Localhost config loaded
Data: {
    "database": "srms",
    "environment": "sandbox",
    "base_url": "http:\/\/localhost\/eduscore"
}
--------------------------------------------------------------------------------
[2026-05-27 09:55:40] [info] Localhost config loaded
Data: {
    "database": "srms",
    "environment": "sandbox",
    "base_url": "http:\/\/localhost\/eduscore"
}
--------------------------------------------------------------------------------
[2026-05-27 10:00:48] [info] Localhost config loaded
Data: {
    "database": "srms",
    "environment": "sandbox",
    "base_url": "http:\/\/localhost\/eduscore"
}
--------------------------------------------------------------------------------
[2026-05-27 10:05:20] [info] Localhost config loaded
Data: {
    "database": "srms",
    "environment": "sandbox",
    "base_url": "http:\/\/localhost\/eduscore"
}
--------------------------------------------------------------------------------
[2026-05-27 10:11:56] [info] Localhost config loaded
Data: {
    "database": "srms",
    "environment": "sandbox",
    "base_url": "http:\/\/localhost\/eduscore"
}
--------------------------------------------------------------------------------
[2026-05-27 10:13:07] [info] Localhost config loaded
Data: {
    "database": "srms",
    "environment": "sandbox",
    "base_url": "http:\/\/localhost\/eduscore"
}
--------------------------------------------------------------------------------
[2026-05-27 10:13:17] [info] Localhost config loaded
Data: {
    "database": "srms",
    "environment": "sandbox",
    "base_url": "http:\/\/localhost\/eduscore"
}
--------------------------------------------------------------------------------
[2026-05-27 10:13:32] [info] Localhost config loaded
Data: {
    "database": "srms",
    "environment": "sandbox",
    "base_url": "http:\/\/localhost\/eduscore"
}
--------------------------------------------------------------------------------
[2026-05-27 10:16:03] [info] Localhost config loaded
Data: {
    "database": "srms",
    "environment": "sandbox",
    "base_url": "http:\/\/localhost\/eduscore"
}
--------------------------------------------------------------------------------
[2026-05-27 10:16:09] [info] Localhost config loaded
Data: {
    "database": "srms",
    "environment": "sandbox",
    "base_url": "http:\/\/localhost\/eduscore"
}
--------------------------------------------------------------------------------
[2026-05-27 10:20:15] [info] Localhost config loaded
Data: {
    "database": "srms",
    "environment": "sandbox",
    "base_url": "http:\/\/localhost\/eduscore"
}
--------------------------------------------------------------------------------
[2026-05-27 10:20:27] [info] Localhost config loaded
Data: {
    "database": "srms",
    "environment": "sandbox",
    "base_url": "http:\/\/localhost\/eduscore"
}
--------------------------------------------------------------------------------
[2026-05-27 10:20:29] [info] Localhost config loaded
Data: {
    "database": "srms",
    "environment": "sandbox",
    "base_url": "http:\/\/localhost\/eduscore"
}
--------------------------------------------------------------------------------
[2026-05-27 10:20:31] [info] Localhost config loaded
Data: {
    "database": "srms",
    "environment": "sandbox",
    "base_url": "http:\/\/localhost\/eduscore"
}
--------------------------------------------------------------------------------
[2026-05-27 10:20:31] [info] Localhost config loaded
Data: {
    "database": "srms",
    "environment": "sandbox",
    "base_url": "http:\/\/localhost\/eduscore"
}
--------------------------------------------------------------------------------
[2026-05-27 10:20:32] [info] Localhost config loaded
Data: {
    "database": "srms",
    "environment": "sandbox",
    "base_url": "http:\/\/localhost\/eduscore"
}
--------------------------------------------------------------------------------
[2026-05-27 10:20:32] [info] Localhost config loaded
Data: {
    "database": "srms",
    "environment": "sandbox",
    "base_url": "http:\/\/localhost\/eduscore"
}
--------------------------------------------------------------------------------
[2026-05-27 10:20:32] [info] Localhost config loaded
Data: {
    "database": "srms",
    "environment": "sandbox",
    "base_url": "http:\/\/localhost\/eduscore"
}
--------------------------------------------------------------------------------
[2026-05-27 10:20:32] [info] Localhost config loaded
Data: {
    "database": "srms",
    "environment": "sandbox",
    "base_url": "http:\/\/localhost\/eduscore"
}
--------------------------------------------------------------------------------
[2026-05-27 10:20:33] [info] Localhost config loaded
Data: {
    "database": "srms",
    "environment": "sandbox",
    "base_url": "http:\/\/localhost\/eduscore"
}
--------------------------------------------------------------------------------
[2026-05-27 10:20:33] [info] Localhost config loaded
Data: {
    "database": "srms",
    "environment": "sandbox",
    "base_url": "http:\/\/localhost\/eduscore"
}
--------------------------------------------------------------------------------
[2026-05-27 10:20:33] [info] Localhost config loaded
Data: {
    "database": "srms",
    "environment": "sandbox",
    "base_url": "http:\/\/localhost\/eduscore"
}
--------------------------------------------------------------------------------
[2026-05-27 10:20:33] [info] Localhost config loaded
Data: {
    "database": "srms",
    "environment": "sandbox",
    "base_url": "http:\/\/localhost\/eduscore"
}
--------------------------------------------------------------------------------
[2026-05-27 10:20:33] [info] Localhost config loaded
Data: {
    "database": "srms",
    "environment": "sandbox",
    "base_url": "http:\/\/localhost\/eduscore"
}
--------------------------------------------------------------------------------
[2026-05-27 10:20:34] [info] Localhost config loaded
Data: {
    "database": "srms",
    "environment": "sandbox",
    "base_url": "http:\/\/localhost\/eduscore"
}
--------------------------------------------------------------------------------
[2026-05-27 10:20:34] [info] Localhost config loaded
Data: {
    "database": "srms",
    "environment": "sandbox",
    "base_url": "http:\/\/localhost\/eduscore"
}
--------------------------------------------------------------------------------
[2026-05-27 10:20:34] [info] Localhost config loaded
Data: {
    "database": "srms",
    "environment": "sandbox",
    "base_url": "http:\/\/localhost\/eduscore"
}
--------------------------------------------------------------------------------
[2026-05-27 10:20:34] [info] Localhost config loaded
Data: {
    "database": "srms",
    "environment": "sandbox",
    "base_url": "http:\/\/localhost\/eduscore"
}
--------------------------------------------------------------------------------
[2026-05-27 10:20:37] [info] Localhost config loaded
Data: {
    "database": "srms",
    "environment": "sandbox",
    "base_url": "http:\/\/localhost\/eduscore"
}
--------------------------------------------------------------------------------
[2026-05-27 10:20:37] [info] Localhost config loaded
Data: {
    "database": "srms",
    "environment": "sandbox",
    "base_url": "http:\/\/localhost\/eduscore"
}
--------------------------------------------------------------------------------
[2026-05-27 10:20:37] [info] Localhost config loaded
Data: {
    "database": "srms",
    "environment": "sandbox",
    "base_url": "http:\/\/localhost\/eduscore"
}
--------------------------------------------------------------------------------
[2026-05-27 10:20:37] [info] Localhost config loaded
Data: {
    "database": "srms",
    "environment": "sandbox",
    "base_url": "http:\/\/localhost\/eduscore"
}
--------------------------------------------------------------------------------
[2026-05-27 10:20:38] [info] Localhost config loaded
Data: {
    "database": "srms",
    "environment": "sandbox",
    "base_url": "http:\/\/localhost\/eduscore"
}
--------------------------------------------------------------------------------
[2026-05-27 10:20:38] [info] Localhost config loaded
Data: {
    "database": "srms",
    "environment": "sandbox",
    "base_url": "http:\/\/localhost\/eduscore"
}
--------------------------------------------------------------------------------
[2026-05-27 10:20:38] [info] Localhost config loaded
Data: {
    "database": "srms",
    "environment": "sandbox",
    "base_url": "http:\/\/localhost\/eduscore"
}
--------------------------------------------------------------------------------
[2026-05-27 10:20:38] [info] Localhost config loaded
Data: {
    "database": "srms",
    "environment": "sandbox",
    "base_url": "http:\/\/localhost\/eduscore"
}
--------------------------------------------------------------------------------
[2026-05-27 10:20:38] [info] Localhost config loaded
Data: {
    "database": "srms",
    "environment": "sandbox",
    "base_url": "http:\/\/localhost\/eduscore"
}
--------------------------------------------------------------------------------
[2026-05-27 10:20:38] [info] Localhost config loaded
Data: {
    "database": "srms",
    "environment": "sandbox",
    "base_url": "http:\/\/localhost\/eduscore"
}
--------------------------------------------------------------------------------
[2026-05-27 10:20:39] [info] Localhost config loaded
Data: {
    "database": "srms",
    "environment": "sandbox",
    "base_url": "http:\/\/localhost\/eduscore"
}
--------------------------------------------------------------------------------
[2026-05-27 10:21:03] [info] Localhost config loaded
Data: {
    "database": "srms",
    "environment": "sandbox",
    "base_url": "http:\/\/localhost\/eduscore"
}
--------------------------------------------------------------------------------
[2026-05-27 10:24:05] [info] Localhost config loaded
Data: {
    "database": "srms",
    "environment": "sandbox",
    "base_url": "http:\/\/localhost\/eduscore"
}
--------------------------------------------------------------------------------
[2026-05-27 10:24:08] [info] Localhost config loaded
Data: {
    "database": "srms",
    "environment": "sandbox",
    "base_url": "http:\/\/localhost\/eduscore"
}
--------------------------------------------------------------------------------
[2026-05-27 10:24:18] [info] Localhost config loaded
Data: {
    "database": "srms",
    "environment": "sandbox",
    "base_url": "http:\/\/localhost\/eduscore"
}
--------------------------------------------------------------------------------
[2026-05-27 10:25:18] [info] Localhost config loaded
Data: {
    "database": "srms",
    "environment": "sandbox",
    "base_url": "http:\/\/localhost\/eduscore"
}
--------------------------------------------------------------------------------
[2026-05-27 10:30:02] [info] Localhost config loaded
Data: {
    "database": "srms",
    "environment": "sandbox",
    "base_url": "http:\/\/localhost\/eduscore"
}
--------------------------------------------------------------------------------
[2026-05-27 10:31:01] [info] Localhost config loaded
Data: {
    "database": "srms",
    "environment": "sandbox",
    "base_url": "http:\/\/localhost\/eduscore"
}
--------------------------------------------------------------------------------
[2026-05-27 10:33:31] [info] Localhost config loaded
Data: {
    "database": "srms",
    "environment": "sandbox",
    "base_url": "http:\/\/localhost\/eduscore"
}
--------------------------------------------------------------------------------
[2026-05-27 10:33:41] [info] Localhost config loaded
Data: {
    "database": "srms",
    "environment": "sandbox",
    "base_url": "http:\/\/localhost\/eduscore"
}
--------------------------------------------------------------------------------
[2026-05-27 10:34:56] [info] Localhost config loaded
Data: {
    "database": "srms",
    "environment": "sandbox",
    "base_url": "http:\/\/localhost\/eduscore"
}
--------------------------------------------------------------------------------
[2026-05-27 10:43:24] [info] Localhost config loaded
Data: {
    "database": "srms",
    "environment": "sandbox",
    "base_url": "http:\/\/localhost\/eduscore"
}
--------------------------------------------------------------------------------
[2026-05-27 10:44:49] [info] Localhost config loaded
Data: {
    "database": "srms",
    "environment": "sandbox",
    "base_url": "http:\/\/localhost\/eduscore"
}
--------------------------------------------------------------------------------
[2026-05-27 19:44:58] [info] Localhost config loaded
Data: {
    "database": "srms",
    "environment": "sandbox",
    "base_url": "http:\/\/localhost\/eduscore"
}
--------------------------------------------------------------------------------
[2026-05-27 19:46:11] [info] Localhost config loaded
Data: {
    "database": "srms",
    "environment": "sandbox",
    "base_url": "http:\/\/localhost\/eduscore"
}
--------------------------------------------------------------------------------
