[2026-05-01 08:48:20] [info] Config loaded with PayHero credentials
Data: {
    "api_username": "8WCSp...",
    "account_id": "7950",
    "channel_id": 7550,
    "environment": "production"
}
--------------------------------------------------------------------------------
[2026-05-01 08:48:35] [info] Config loaded with PayHero credentials
Data: {
    "api_username": "8WCSp...",
    "account_id": "7950",
    "channel_id": 7550,
    "environment": "production"
}
--------------------------------------------------------------------------------
[2026-05-01 10:47:35] [info] Config loaded with PayHero credentials
Data: {
    "api_username": "8WCSp...",
    "account_id": "7950",
    "channel_id": 7550,
    "environment": "production"
}
--------------------------------------------------------------------------------
[2026-05-01 10:51:32] [info] Config loaded with PayHero credentials
Data: {
    "api_username": "8WCSp...",
    "account_id": "7950",
    "channel_id": 7550,
    "environment": "production"
}
--------------------------------------------------------------------------------
[2026-05-01 10:51:33] [info] Config loaded with PayHero credentials
Data: {
    "api_username": "8WCSp...",
    "account_id": "7950",
    "channel_id": 7550,
    "environment": "production"
}
--------------------------------------------------------------------------------
[2026-05-01 10:51:35] [info] Config loaded with PayHero credentials
Data: {
    "api_username": "8WCSp...",
    "account_id": "7950",
    "channel_id": 7550,
    "environment": "production"
}
--------------------------------------------------------------------------------
[2026-05-01 10:51:35] [info] Config loaded with PayHero credentials
Data: {
    "api_username": "8WCSp...",
    "account_id": "7950",
    "channel_id": 7550,
    "environment": "production"
}
--------------------------------------------------------------------------------
[2026-05-01 13:52:30] [info] Config loaded with PayHero credentials
Data: {
    "api_username": "8WCSp...",
    "account_id": "7950",
    "channel_id": 7550,
    "environment": "production"
}
--------------------------------------------------------------------------------
[2026-05-01 13:52:31] [info] Config loaded with PayHero credentials
Data: {
    "api_username": "8WCSp...",
    "account_id": "7950",
    "channel_id": 7550,
    "environment": "production"
}
--------------------------------------------------------------------------------
[2026-05-01 13:52:32] [info] Config loaded with PayHero credentials
Data: {
    "api_username": "8WCSp...",
    "account_id": "7950",
    "channel_id": 7550,
    "environment": "production"
}
--------------------------------------------------------------------------------
