[2026-05-18 17:47:26] [info] Localhost config loaded
Data: {
    "database": "srms",
    "environment": "sandbox",
    "base_url": "http:\/\/localhost\/eduscore"
}
--------------------------------------------------------------------------------
[2026-05-18 17:48:39] [info] Localhost config loaded
Data: {
    "database": "srms",
    "environment": "sandbox",
    "base_url": "http:\/\/localhost\/eduscore"
}
--------------------------------------------------------------------------------
[2026-05-18 17:49:16] [info] Localhost config loaded
Data: {
    "database": "srms",
    "environment": "sandbox",
    "base_url": "http:\/\/localhost\/eduscore"
}
--------------------------------------------------------------------------------
[2026-05-18 17:49:24] [info] Localhost config loaded
Data: {
    "database": "srms",
    "environment": "sandbox",
    "base_url": "http:\/\/localhost\/eduscore"
}
--------------------------------------------------------------------------------
[2026-05-18 17:52:19] [info] Localhost config loaded
Data: {
    "database": "srms",
    "environment": "sandbox",
    "base_url": "http:\/\/localhost\/eduscore"
}
--------------------------------------------------------------------------------
[2026-05-18 17:52:25] [info] Localhost config loaded
Data: {
    "database": "srms",
    "environment": "sandbox",
    "base_url": "http:\/\/localhost\/eduscore"
}
--------------------------------------------------------------------------------
