[2026-05-10 07:44:46] [info] Config loaded with PayHero credentials
Data: {
    "api_username": "8WCSp...",
    "account_id": "7950",
    "channel_id": 7550,
    "environment": "production"
}
--------------------------------------------------------------------------------
[2026-05-10 17:47:37] [info] Config loaded with PayHero credentials
Data: {
    "api_username": "8WCSp...",
    "account_id": "7950",
    "channel_id": 7550,
    "environment": "production"
}
--------------------------------------------------------------------------------
[2026-05-10 17:47:39] [info] Config loaded with PayHero credentials
Data: {
    "api_username": "8WCSp...",
    "account_id": "7950",
    "channel_id": 7550,
    "environment": "production"
}
--------------------------------------------------------------------------------
[2026-05-10 17:49:38] [info] Config loaded with PayHero credentials
Data: {
    "api_username": "8WCSp...",
    "account_id": "7950",
    "channel_id": 7550,
    "environment": "production"
}
--------------------------------------------------------------------------------
[2026-05-10 17:56:58] [info] Config loaded with PayHero credentials
Data: {
    "api_username": "8WCSp...",
    "account_id": "7950",
    "channel_id": 7550,
    "environment": "production"
}
--------------------------------------------------------------------------------
[2026-05-10 17:57:20] [info] Config loaded with PayHero credentials
Data: {
    "api_username": "8WCSp...",
    "account_id": "7950",
    "channel_id": 7550,
    "environment": "production"
}
--------------------------------------------------------------------------------
[2026-05-10 20:08:48] [info] Config loaded with PayHero credentials
Data: {
    "api_username": "8WCSp...",
    "account_id": "7950",
    "channel_id": 7550,
    "environment": "production"
}
--------------------------------------------------------------------------------
[2026-05-10 20:08:50] [info] Config loaded with PayHero credentials
Data: {
    "api_username": "8WCSp...",
    "account_id": "7950",
    "channel_id": 7550,
    "environment": "production"
}
--------------------------------------------------------------------------------
[2026-05-10 20:08:50] [info] Config loaded with PayHero credentials
Data: {
    "api_username": "8WCSp...",
    "account_id": "7950",
    "channel_id": 7550,
    "environment": "production"
}
--------------------------------------------------------------------------------
[2026-05-10 20:08:59] [info] Config loaded with PayHero credentials
Data: {
    "api_username": "8WCSp...",
    "account_id": "7950",
    "channel_id": 7550,
    "environment": "production"
}
--------------------------------------------------------------------------------
[2026-05-10 20:09:06] [info] Config loaded with PayHero credentials
Data: {
    "api_username": "8WCSp...",
    "account_id": "7950",
    "channel_id": 7550,
    "environment": "production"
}
--------------------------------------------------------------------------------
[2026-05-10 20:12:57] [info] Config loaded with PayHero credentials
Data: {
    "api_username": "8WCSp...",
    "account_id": "7950",
    "channel_id": 7550,
    "environment": "production"
}
--------------------------------------------------------------------------------
[2026-05-10 20:13:00] [info] Config loaded with PayHero credentials
Data: {
    "api_username": "8WCSp...",
    "account_id": "7950",
    "channel_id": 7550,
    "environment": "production"
}
--------------------------------------------------------------------------------
[2026-05-10 20:13:00] [info] Config loaded with PayHero credentials
Data: {
    "api_username": "8WCSp...",
    "account_id": "7950",
    "channel_id": 7550,
    "environment": "production"
}
--------------------------------------------------------------------------------
[2026-05-10 20:13:03] [info] Config loaded with PayHero credentials
Data: {
    "api_username": "8WCSp...",
    "account_id": "7950",
    "channel_id": 7550,
    "environment": "production"
}
--------------------------------------------------------------------------------
[2026-05-10 20:13:03] [info] Config loaded with PayHero credentials
Data: {
    "api_username": "8WCSp...",
    "account_id": "7950",
    "channel_id": 7550,
    "environment": "production"
}
--------------------------------------------------------------------------------
[2026-05-10 20:13:03] [info] Config loaded with PayHero credentials
Data: {
    "api_username": "8WCSp...",
    "account_id": "7950",
    "channel_id": 7550,
    "environment": "production"
}
--------------------------------------------------------------------------------
[2026-05-10 20:13:25] [info] Config loaded with PayHero credentials
Data: {
    "api_username": "8WCSp...",
    "account_id": "7950",
    "channel_id": 7550,
    "environment": "production"
}
--------------------------------------------------------------------------------
[2026-05-10 20:13:26] [info] Config loaded with PayHero credentials
Data: {
    "api_username": "8WCSp...",
    "account_id": "7950",
    "channel_id": 7550,
    "environment": "production"
}
--------------------------------------------------------------------------------
[2026-05-10 20:13:28] [info] Config loaded with PayHero credentials
Data: {
    "api_username": "8WCSp...",
    "account_id": "7950",
    "channel_id": 7550,
    "environment": "production"
}
--------------------------------------------------------------------------------
[2026-05-10 20:13:28] [info] Config loaded with PayHero credentials
Data: {
    "api_username": "8WCSp...",
    "account_id": "7950",
    "channel_id": 7550,
    "environment": "production"
}
--------------------------------------------------------------------------------
[2026-05-10 20:13:34] [info] Config loaded with PayHero credentials
Data: {
    "api_username": "8WCSp...",
    "account_id": "7950",
    "channel_id": 7550,
    "environment": "production"
}
--------------------------------------------------------------------------------
[2026-05-10 20:13:39] [info] Config loaded with PayHero credentials
Data: {
    "api_username": "8WCSp...",
    "account_id": "7950",
    "channel_id": 7550,
    "environment": "production"
}
--------------------------------------------------------------------------------
[2026-05-10 20:13:42] [info] Config loaded with PayHero credentials
Data: {
    "api_username": "8WCSp...",
    "account_id": "7950",
    "channel_id": 7550,
    "environment": "production"
}
--------------------------------------------------------------------------------
[2026-05-10 20:13:56] [info] Config loaded with PayHero credentials
Data: {
    "api_username": "8WCSp...",
    "account_id": "7950",
    "channel_id": 7550,
    "environment": "production"
}
--------------------------------------------------------------------------------
[2026-05-10 20:13:57] [info] Config loaded with PayHero credentials
Data: {
    "api_username": "8WCSp...",
    "account_id": "7950",
    "channel_id": 7550,
    "environment": "production"
}
--------------------------------------------------------------------------------
[2026-05-10 20:13:58] [info] Config loaded with PayHero credentials
Data: {
    "api_username": "8WCSp...",
    "account_id": "7950",
    "channel_id": 7550,
    "environment": "production"
}
--------------------------------------------------------------------------------
[2026-05-10 20:13:59] [info] Config loaded with PayHero credentials
Data: {
    "api_username": "8WCSp...",
    "account_id": "7950",
    "channel_id": 7550,
    "environment": "production"
}
--------------------------------------------------------------------------------
[2026-05-10 20:14:10] [info] Config loaded with PayHero credentials
Data: {
    "api_username": "8WCSp...",
    "account_id": "7950",
    "channel_id": 7550,
    "environment": "production"
}
--------------------------------------------------------------------------------
[2026-05-10 20:14:11] [info] Config loaded with PayHero credentials
Data: {
    "api_username": "8WCSp...",
    "account_id": "7950",
    "channel_id": 7550,
    "environment": "production"
}
--------------------------------------------------------------------------------
[2026-05-10 20:14:11] [info] Config loaded with PayHero credentials
Data: {
    "api_username": "8WCSp...",
    "account_id": "7950",
    "channel_id": 7550,
    "environment": "production"
}
--------------------------------------------------------------------------------
[2026-05-10 20:14:12] [info] Config loaded with PayHero credentials
Data: {
    "api_username": "8WCSp...",
    "account_id": "7950",
    "channel_id": 7550,
    "environment": "production"
}
--------------------------------------------------------------------------------
[2026-05-10 20:14:12] [info] Config loaded with PayHero credentials
Data: {
    "api_username": "8WCSp...",
    "account_id": "7950",
    "channel_id": 7550,
    "environment": "production"
}
--------------------------------------------------------------------------------
[2026-05-10 20:14:12] [info] Config loaded with PayHero credentials
Data: {
    "api_username": "8WCSp...",
    "account_id": "7950",
    "channel_id": 7550,
    "environment": "production"
}
--------------------------------------------------------------------------------
[2026-05-10 20:14:31] [info] Config loaded with PayHero credentials
Data: {
    "api_username": "8WCSp...",
    "account_id": "7950",
    "channel_id": 7550,
    "environment": "production"
}
--------------------------------------------------------------------------------
[2026-05-10 20:14:32] [info] Config loaded with PayHero credentials
Data: {
    "api_username": "8WCSp...",
    "account_id": "7950",
    "channel_id": 7550,
    "environment": "production"
}
--------------------------------------------------------------------------------
[2026-05-10 20:14:39] [info] Config loaded with PayHero credentials
Data: {
    "api_username": "8WCSp...",
    "account_id": "7950",
    "channel_id": 7550,
    "environment": "production"
}
--------------------------------------------------------------------------------
[2026-05-10 20:14:39] [info] Config loaded with PayHero credentials
Data: {
    "api_username": "8WCSp...",
    "account_id": "7950",
    "channel_id": 7550,
    "environment": "production"
}
--------------------------------------------------------------------------------
[2026-05-10 20:14:41] [info] Config loaded with PayHero credentials
Data: {
    "api_username": "8WCSp...",
    "account_id": "7950",
    "channel_id": 7550,
    "environment": "production"
}
--------------------------------------------------------------------------------
[2026-05-10 20:14:42] [info] Config loaded with PayHero credentials
Data: {
    "api_username": "8WCSp...",
    "account_id": "7950",
    "channel_id": 7550,
    "environment": "production"
}
--------------------------------------------------------------------------------
[2026-05-10 20:14:42] [info] Config loaded with PayHero credentials
Data: {
    "api_username": "8WCSp...",
    "account_id": "7950",
    "channel_id": 7550,
    "environment": "production"
}
--------------------------------------------------------------------------------
[2026-05-10 20:14:42] [info] Config loaded with PayHero credentials
Data: {
    "api_username": "8WCSp...",
    "account_id": "7950",
    "channel_id": 7550,
    "environment": "production"
}
--------------------------------------------------------------------------------
[2026-05-10 20:14:51] [info] Config loaded with PayHero credentials
Data: {
    "api_username": "8WCSp...",
    "account_id": "7950",
    "channel_id": 7550,
    "environment": "production"
}
--------------------------------------------------------------------------------
[2026-05-10 20:15:15] [info] Config loaded with PayHero credentials
Data: {
    "api_username": "8WCSp...",
    "account_id": "7950",
    "channel_id": 7550,
    "environment": "production"
}
--------------------------------------------------------------------------------
[2026-05-10 20:15:18] [info] Config loaded with PayHero credentials
Data: {
    "api_username": "8WCSp...",
    "account_id": "7950",
    "channel_id": 7550,
    "environment": "production"
}
--------------------------------------------------------------------------------
[2026-05-10 20:15:19] [info] Config loaded with PayHero credentials
Data: {
    "api_username": "8WCSp...",
    "account_id": "7950",
    "channel_id": 7550,
    "environment": "production"
}
--------------------------------------------------------------------------------
[2026-05-10 20:15:26] [info] Config loaded with PayHero credentials
Data: {
    "api_username": "8WCSp...",
    "account_id": "7950",
    "channel_id": 7550,
    "environment": "production"
}
--------------------------------------------------------------------------------
[2026-05-10 20:15:40] [info] Config loaded with PayHero credentials
Data: {
    "api_username": "8WCSp...",
    "account_id": "7950",
    "channel_id": 7550,
    "environment": "production"
}
--------------------------------------------------------------------------------
[2026-05-10 20:16:02] [info] Config loaded with PayHero credentials
Data: {
    "api_username": "8WCSp...",
    "account_id": "7950",
    "channel_id": 7550,
    "environment": "production"
}
--------------------------------------------------------------------------------
[2026-05-10 20:16:04] [info] Config loaded with PayHero credentials
Data: {
    "api_username": "8WCSp...",
    "account_id": "7950",
    "channel_id": 7550,
    "environment": "production"
}
--------------------------------------------------------------------------------
[2026-05-10 20:16:04] [info] Config loaded with PayHero credentials
Data: {
    "api_username": "8WCSp...",
    "account_id": "7950",
    "channel_id": 7550,
    "environment": "production"
}
--------------------------------------------------------------------------------
[2026-05-10 20:16:12] [info] Config loaded with PayHero credentials
Data: {
    "api_username": "8WCSp...",
    "account_id": "7950",
    "channel_id": 7550,
    "environment": "production"
}
--------------------------------------------------------------------------------
[2026-05-10 20:16:12] [info] Config loaded with PayHero credentials
Data: {
    "api_username": "8WCSp...",
    "account_id": "7950",
    "channel_id": 7550,
    "environment": "production"
}
--------------------------------------------------------------------------------
[2026-05-10 20:16:28] [info] Config loaded with PayHero credentials
Data: {
    "api_username": "8WCSp...",
    "account_id": "7950",
    "channel_id": 7550,
    "environment": "production"
}
--------------------------------------------------------------------------------
[2026-05-10 20:16:47] [info] Config loaded with PayHero credentials
Data: {
    "api_username": "8WCSp...",
    "account_id": "7950",
    "channel_id": 7550,
    "environment": "production"
}
--------------------------------------------------------------------------------
[2026-05-10 20:16:50] [info] Config loaded with PayHero credentials
Data: {
    "api_username": "8WCSp...",
    "account_id": "7950",
    "channel_id": 7550,
    "environment": "production"
}
--------------------------------------------------------------------------------
[2026-05-10 20:16:58] [info] Config loaded with PayHero credentials
Data: {
    "api_username": "8WCSp...",
    "account_id": "7950",
    "channel_id": 7550,
    "environment": "production"
}
--------------------------------------------------------------------------------
[2026-05-10 20:16:59] [info] Config loaded with PayHero credentials
Data: {
    "api_username": "8WCSp...",
    "account_id": "7950",
    "channel_id": 7550,
    "environment": "production"
}
--------------------------------------------------------------------------------
[2026-05-10 20:17:08] [info] Config loaded with PayHero credentials
Data: {
    "api_username": "8WCSp...",
    "account_id": "7950",
    "channel_id": 7550,
    "environment": "production"
}
--------------------------------------------------------------------------------
[2026-05-10 20:17:09] [info] Config loaded with PayHero credentials
Data: {
    "api_username": "8WCSp...",
    "account_id": "7950",
    "channel_id": 7550,
    "environment": "production"
}
--------------------------------------------------------------------------------
[2026-05-10 20:17:32] [info] Config loaded with PayHero credentials
Data: {
    "api_username": "8WCSp...",
    "account_id": "7950",
    "channel_id": 7550,
    "environment": "production"
}
--------------------------------------------------------------------------------
[2026-05-10 20:17:56] [info] Config loaded with PayHero credentials
Data: {
    "api_username": "8WCSp...",
    "account_id": "7950",
    "channel_id": 7550,
    "environment": "production"
}
--------------------------------------------------------------------------------
[2026-05-10 20:18:13] [info] Config loaded with PayHero credentials
Data: {
    "api_username": "8WCSp...",
    "account_id": "7950",
    "channel_id": 7550,
    "environment": "production"
}
--------------------------------------------------------------------------------
[2026-05-10 20:18:15] [info] Config loaded with PayHero credentials
Data: {
    "api_username": "8WCSp...",
    "account_id": "7950",
    "channel_id": 7550,
    "environment": "production"
}
--------------------------------------------------------------------------------
[2026-05-10 20:20:45] [info] Config loaded with PayHero credentials
Data: {
    "api_username": "8WCSp...",
    "account_id": "7950",
    "channel_id": 7550,
    "environment": "production"
}
--------------------------------------------------------------------------------
[2026-05-10 20:20:47] [info] Config loaded with PayHero credentials
Data: {
    "api_username": "8WCSp...",
    "account_id": "7950",
    "channel_id": 7550,
    "environment": "production"
}
--------------------------------------------------------------------------------
[2026-05-10 20:21:07] [info] Config loaded with PayHero credentials
Data: {
    "api_username": "8WCSp...",
    "account_id": "7950",
    "channel_id": 7550,
    "environment": "production"
}
--------------------------------------------------------------------------------
[2026-05-10 20:21:07] [info] Config loaded with PayHero credentials
Data: {
    "api_username": "8WCSp...",
    "account_id": "7950",
    "channel_id": 7550,
    "environment": "production"
}
--------------------------------------------------------------------------------
[2026-05-10 20:21:08] [info] Config loaded with PayHero credentials
Data: {
    "api_username": "8WCSp...",
    "account_id": "7950",
    "channel_id": 7550,
    "environment": "production"
}
--------------------------------------------------------------------------------
[2026-05-10 20:21:25] [info] Config loaded with PayHero credentials
Data: {
    "api_username": "8WCSp...",
    "account_id": "7950",
    "channel_id": 7550,
    "environment": "production"
}
--------------------------------------------------------------------------------
[2026-05-10 20:21:52] [info] Config loaded with PayHero credentials
Data: {
    "api_username": "8WCSp...",
    "account_id": "7950",
    "channel_id": 7550,
    "environment": "production"
}
--------------------------------------------------------------------------------
[2026-05-10 20:22:29] [info] Config loaded with PayHero credentials
Data: {
    "api_username": "8WCSp...",
    "account_id": "7950",
    "channel_id": 7550,
    "environment": "production"
}
--------------------------------------------------------------------------------
[2026-05-10 20:22:30] [info] Config loaded with PayHero credentials
Data: {
    "api_username": "8WCSp...",
    "account_id": "7950",
    "channel_id": 7550,
    "environment": "production"
}
--------------------------------------------------------------------------------
[2026-05-10 20:22:31] [info] Config loaded with PayHero credentials
Data: {
    "api_username": "8WCSp...",
    "account_id": "7950",
    "channel_id": 7550,
    "environment": "production"
}
--------------------------------------------------------------------------------
[2026-05-10 20:23:11] [info] Config loaded with PayHero credentials
Data: {
    "api_username": "8WCSp...",
    "account_id": "7950",
    "channel_id": 7550,
    "environment": "production"
}
--------------------------------------------------------------------------------
[2026-05-10 22:19:50] [info] Config loaded with PayHero credentials
Data: {
    "api_username": "8WCSp...",
    "account_id": "7950",
    "channel_id": 7550,
    "environment": "production"
}
--------------------------------------------------------------------------------
[2026-05-10 22:20:29] [info] Config loaded with PayHero credentials
Data: {
    "api_username": "8WCSp...",
    "account_id": "7950",
    "channel_id": 7550,
    "environment": "production"
}
--------------------------------------------------------------------------------
[2026-05-10 22:24:51] [info] Config loaded with PayHero credentials
Data: {
    "api_username": "8WCSp...",
    "account_id": "7950",
    "channel_id": 7550,
    "environment": "production"
}
--------------------------------------------------------------------------------
[2026-05-10 22:25:00] [info] Config loaded with PayHero credentials
Data: {
    "api_username": "8WCSp...",
    "account_id": "7950",
    "channel_id": 7550,
    "environment": "production"
}
--------------------------------------------------------------------------------
[2026-05-10 22:25:02] [info] Config loaded with PayHero credentials
Data: {
    "api_username": "8WCSp...",
    "account_id": "7950",
    "channel_id": 7550,
    "environment": "production"
}
--------------------------------------------------------------------------------
[2026-05-10 22:25:23] [info] Config loaded with PayHero credentials
Data: {
    "api_username": "8WCSp...",
    "account_id": "7950",
    "channel_id": 7550,
    "environment": "production"
}
--------------------------------------------------------------------------------
[2026-05-10 22:25:34] [info] Config loaded with PayHero credentials
Data: {
    "api_username": "8WCSp...",
    "account_id": "7950",
    "channel_id": 7550,
    "environment": "production"
}
--------------------------------------------------------------------------------
[2026-05-10 22:25:44] [info] Config loaded with PayHero credentials
Data: {
    "api_username": "8WCSp...",
    "account_id": "7950",
    "channel_id": 7550,
    "environment": "production"
}
--------------------------------------------------------------------------------
[2026-05-10 22:25:47] [info] Config loaded with PayHero credentials
Data: {
    "api_username": "8WCSp...",
    "account_id": "7950",
    "channel_id": 7550,
    "environment": "production"
}
--------------------------------------------------------------------------------
[2026-05-10 22:25:48] [info] Config loaded with PayHero credentials
Data: {
    "api_username": "8WCSp...",
    "account_id": "7950",
    "channel_id": 7550,
    "environment": "production"
}
--------------------------------------------------------------------------------
[2026-05-10 22:25:58] [info] Config loaded with PayHero credentials
Data: {
    "api_username": "8WCSp...",
    "account_id": "7950",
    "channel_id": 7550,
    "environment": "production"
}
--------------------------------------------------------------------------------
[2026-05-10 22:29:13] [info] Config loaded with PayHero credentials
Data: {
    "api_username": "8WCSp...",
    "account_id": "7950",
    "channel_id": 7550,
    "environment": "production"
}
--------------------------------------------------------------------------------
[2026-05-10 22:29:17] [info] Config loaded with PayHero credentials
Data: {
    "api_username": "8WCSp...",
    "account_id": "7950",
    "channel_id": 7550,
    "environment": "production"
}
--------------------------------------------------------------------------------
[2026-05-10 22:29:26] [info] Config loaded with PayHero credentials
Data: {
    "api_username": "8WCSp...",
    "account_id": "7950",
    "channel_id": 7550,
    "environment": "production"
}
--------------------------------------------------------------------------------
[2026-05-10 22:29:27] [info] Config loaded with PayHero credentials
Data: {
    "api_username": "8WCSp...",
    "account_id": "7950",
    "channel_id": 7550,
    "environment": "production"
}
--------------------------------------------------------------------------------
[2026-05-10 22:29:32] [info] Config loaded with PayHero credentials
Data: {
    "api_username": "8WCSp...",
    "account_id": "7950",
    "channel_id": 7550,
    "environment": "production"
}
--------------------------------------------------------------------------------
[2026-05-10 22:29:33] [info] Config loaded with PayHero credentials
Data: {
    "api_username": "8WCSp...",
    "account_id": "7950",
    "channel_id": 7550,
    "environment": "production"
}
--------------------------------------------------------------------------------
[2026-05-10 22:31:33] [info] Config loaded with PayHero credentials
Data: {
    "api_username": "8WCSp...",
    "account_id": "7950",
    "channel_id": 7550,
    "environment": "production"
}
--------------------------------------------------------------------------------
[2026-05-10 22:31:46] [info] Config loaded with PayHero credentials
Data: {
    "api_username": "8WCSp...",
    "account_id": "7950",
    "channel_id": 7550,
    "environment": "production"
}
--------------------------------------------------------------------------------
[2026-05-10 22:31:54] [info] Config loaded with PayHero credentials
Data: {
    "api_username": "8WCSp...",
    "account_id": "7950",
    "channel_id": 7550,
    "environment": "production"
}
--------------------------------------------------------------------------------
[2026-05-10 22:31:58] [info] Config loaded with PayHero credentials
Data: {
    "api_username": "8WCSp...",
    "account_id": "7950",
    "channel_id": 7550,
    "environment": "production"
}
--------------------------------------------------------------------------------
[2026-05-10 22:32:01] [info] Config loaded with PayHero credentials
Data: {
    "api_username": "8WCSp...",
    "account_id": "7950",
    "channel_id": 7550,
    "environment": "production"
}
--------------------------------------------------------------------------------
[2026-05-10 22:32:03] [info] Config loaded with PayHero credentials
Data: {
    "api_username": "8WCSp...",
    "account_id": "7950",
    "channel_id": 7550,
    "environment": "production"
}
--------------------------------------------------------------------------------
[2026-05-10 22:32:07] [info] Config loaded with PayHero credentials
Data: {
    "api_username": "8WCSp...",
    "account_id": "7950",
    "channel_id": 7550,
    "environment": "production"
}
--------------------------------------------------------------------------------
[2026-05-10 22:32:18] [info] Config loaded with PayHero credentials
Data: {
    "api_username": "8WCSp...",
    "account_id": "7950",
    "channel_id": 7550,
    "environment": "production"
}
--------------------------------------------------------------------------------
[2026-05-10 22:32:19] [info] Config loaded with PayHero credentials
Data: {
    "api_username": "8WCSp...",
    "account_id": "7950",
    "channel_id": 7550,
    "environment": "production"
}
--------------------------------------------------------------------------------
[2026-05-10 22:33:00] [info] Config loaded with PayHero credentials
Data: {
    "api_username": "8WCSp...",
    "account_id": "7950",
    "channel_id": 7550,
    "environment": "production"
}
--------------------------------------------------------------------------------
[2026-05-10 22:33:02] [info] Config loaded with PayHero credentials
Data: {
    "api_username": "8WCSp...",
    "account_id": "7950",
    "channel_id": 7550,
    "environment": "production"
}
--------------------------------------------------------------------------------
[2026-05-10 22:36:58] [info] Config loaded with PayHero credentials
Data: {
    "api_username": "8WCSp...",
    "account_id": "7950",
    "channel_id": 7550,
    "environment": "production"
}
--------------------------------------------------------------------------------
[2026-05-10 22:37:00] [info] Config loaded with PayHero credentials
Data: {
    "api_username": "8WCSp...",
    "account_id": "7950",
    "channel_id": 7550,
    "environment": "production"
}
--------------------------------------------------------------------------------
[2026-05-10 22:42:41] [info] Config loaded with PayHero credentials
Data: {
    "api_username": "8WCSp...",
    "account_id": "7950",
    "channel_id": 7550,
    "environment": "production"
}
--------------------------------------------------------------------------------
[2026-05-10 22:45:07] [info] Config loaded with PayHero credentials
Data: {
    "api_username": "8WCSp...",
    "account_id": "7950",
    "channel_id": 7550,
    "environment": "production"
}
--------------------------------------------------------------------------------
[2026-05-10 22:50:54] [info] Config loaded with PayHero credentials
Data: {
    "api_username": "8WCSp...",
    "account_id": "7950",
    "channel_id": 7550,
    "environment": "production"
}
--------------------------------------------------------------------------------
[2026-05-10 22:53:49] [info] Config loaded with PayHero credentials
Data: {
    "api_username": "8WCSp...",
    "account_id": "7950",
    "channel_id": 7550,
    "environment": "production"
}
--------------------------------------------------------------------------------
[2026-05-10 22:59:55] [info] Config loaded with PayHero credentials
Data: {
    "api_username": "8WCSp...",
    "account_id": "7950",
    "channel_id": 7550,
    "environment": "production"
}
--------------------------------------------------------------------------------
[2026-05-10 23:00:13] [info] Config loaded with PayHero credentials
Data: {
    "api_username": "8WCSp...",
    "account_id": "7950",
    "channel_id": 7550,
    "environment": "production"
}
--------------------------------------------------------------------------------
[2026-05-10 23:00:43] [info] Config loaded with PayHero credentials
Data: {
    "api_username": "8WCSp...",
    "account_id": "7950",
    "channel_id": 7550,
    "environment": "production"
}
--------------------------------------------------------------------------------
[2026-05-10 23:10:25] [info] Config loaded with PayHero credentials
Data: {
    "api_username": "8WCSp...",
    "account_id": "7950",
    "channel_id": 7550,
    "environment": "production"
}
--------------------------------------------------------------------------------
[2026-05-10 23:10:41] [info] Config loaded with PayHero credentials
Data: {
    "api_username": "8WCSp...",
    "account_id": "7950",
    "channel_id": 7550,
    "environment": "production"
}
--------------------------------------------------------------------------------
[2026-05-10 23:13:14] [info] Config loaded with PayHero credentials
Data: {
    "api_username": "8WCSp...",
    "account_id": "7950",
    "channel_id": 7550,
    "environment": "production"
}
--------------------------------------------------------------------------------
