[2026-05-21 09:11:23] [info] Localhost config loaded
Data: {
    "database": "srms",
    "environment": "sandbox",
    "base_url": "http:\/\/localhost\/eduscore"
}
--------------------------------------------------------------------------------
[2026-05-21 09:11:26] [info] Localhost config loaded
Data: {
    "database": "srms",
    "environment": "sandbox",
    "base_url": "http:\/\/localhost\/eduscore"
}
--------------------------------------------------------------------------------
[2026-05-21 09:22:51] [info] Localhost config loaded
Data: {
    "database": "srms",
    "environment": "sandbox",
    "base_url": "http:\/\/localhost\/eduscore"
}
--------------------------------------------------------------------------------
[2026-05-21 09:23:02] [info] Localhost config loaded
Data: {
    "database": "srms",
    "environment": "sandbox",
    "base_url": "http:\/\/localhost\/eduscore"
}
--------------------------------------------------------------------------------
[2026-05-21 09:23:13] [info] Localhost config loaded
Data: {
    "database": "srms",
    "environment": "sandbox",
    "base_url": "http:\/\/localhost\/eduscore"
}
--------------------------------------------------------------------------------
[2026-05-21 09:23:13] [info] Localhost config loaded
Data: {
    "database": "srms",
    "environment": "sandbox",
    "base_url": "http:\/\/localhost\/eduscore"
}
--------------------------------------------------------------------------------
[2026-05-21 09:24:07] [info] Localhost config loaded
Data: {
    "database": "srms",
    "environment": "sandbox",
    "base_url": "http:\/\/localhost\/eduscore"
}
--------------------------------------------------------------------------------
[2026-05-21 09:24:07] [info] Localhost config loaded
Data: {
    "database": "srms",
    "environment": "sandbox",
    "base_url": "http:\/\/localhost\/eduscore"
}
--------------------------------------------------------------------------------
[2026-05-21 09:39:04] [info] Localhost config loaded
Data: {
    "database": "srms",
    "environment": "sandbox",
    "base_url": "http:\/\/localhost\/eduscore"
}
--------------------------------------------------------------------------------
[2026-05-21 09:41:15] [info] Localhost config loaded
Data: {
    "database": "srms",
    "environment": "sandbox",
    "base_url": "http:\/\/localhost\/eduscore"
}
--------------------------------------------------------------------------------
[2026-05-21 09:43:51] [info] Localhost config loaded
Data: {
    "database": "srms",
    "environment": "sandbox",
    "base_url": "http:\/\/localhost\/eduscore"
}
--------------------------------------------------------------------------------
[2026-05-21 09:43:52] [info] Localhost config loaded
Data: {
    "database": "srms",
    "environment": "sandbox",
    "base_url": "http:\/\/localhost\/eduscore"
}
--------------------------------------------------------------------------------
[2026-05-21 09:44:00] [info] Localhost config loaded
Data: {
    "database": "srms",
    "environment": "sandbox",
    "base_url": "http:\/\/localhost\/eduscore"
}
--------------------------------------------------------------------------------
[2026-05-21 09:44:00] [info] Localhost config loaded
Data: {
    "database": "srms",
    "environment": "sandbox",
    "base_url": "http:\/\/localhost\/eduscore"
}
--------------------------------------------------------------------------------
[2026-05-21 09:46:03] [info] Localhost config loaded
Data: {
    "database": "srms",
    "environment": "sandbox",
    "base_url": "http:\/\/localhost\/eduscore"
}
--------------------------------------------------------------------------------
[2026-05-21 09:46:04] [info] Localhost config loaded
Data: {
    "database": "srms",
    "environment": "sandbox",
    "base_url": "http:\/\/localhost\/eduscore"
}
--------------------------------------------------------------------------------
[2026-05-21 09:46:10] [info] Localhost config loaded
Data: {
    "database": "srms",
    "environment": "sandbox",
    "base_url": "http:\/\/localhost\/eduscore"
}
--------------------------------------------------------------------------------
[2026-05-21 09:46:11] [info] Localhost config loaded
Data: {
    "database": "srms",
    "environment": "sandbox",
    "base_url": "http:\/\/localhost\/eduscore"
}
--------------------------------------------------------------------------------
[2026-05-21 09:46:13] [info] Localhost config loaded
Data: {
    "database": "srms",
    "environment": "sandbox",
    "base_url": "http:\/\/localhost\/eduscore"
}
--------------------------------------------------------------------------------
[2026-05-21 09:46:13] [info] Localhost config loaded
Data: {
    "database": "srms",
    "environment": "sandbox",
    "base_url": "http:\/\/localhost\/eduscore"
}
--------------------------------------------------------------------------------
[2026-05-21 09:46:23] [info] Localhost config loaded
Data: {
    "database": "srms",
    "environment": "sandbox",
    "base_url": "http:\/\/localhost\/eduscore"
}
--------------------------------------------------------------------------------
[2026-05-21 09:46:23] [info] Localhost config loaded
Data: {
    "database": "srms",
    "environment": "sandbox",
    "base_url": "http:\/\/localhost\/eduscore"
}
--------------------------------------------------------------------------------
[2026-05-21 09:55:01] [info] Localhost config loaded
Data: {
    "database": "srms",
    "environment": "sandbox",
    "base_url": "http:\/\/localhost\/eduscore"
}
--------------------------------------------------------------------------------
[2026-05-21 09:55:11] [info] Localhost config loaded
Data: {
    "database": "srms",
    "environment": "sandbox",
    "base_url": "http:\/\/localhost\/eduscore"
}
--------------------------------------------------------------------------------
[2026-05-21 09:55:32] [info] Localhost config loaded
Data: {
    "database": "srms",
    "environment": "sandbox",
    "base_url": "http:\/\/localhost\/eduscore"
}
--------------------------------------------------------------------------------
[2026-05-21 09:55:32] [info] Localhost config loaded
Data: {
    "database": "srms",
    "environment": "sandbox",
    "base_url": "http:\/\/localhost\/eduscore"
}
--------------------------------------------------------------------------------
[2026-05-21 10:04:46] [info] Localhost config loaded
Data: {
    "database": "srms",
    "environment": "sandbox",
    "base_url": "http:\/\/localhost\/eduscore"
}
--------------------------------------------------------------------------------
[2026-05-21 10:04:46] [info] Localhost config loaded
Data: {
    "database": "srms",
    "environment": "sandbox",
    "base_url": "http:\/\/localhost\/eduscore"
}
--------------------------------------------------------------------------------
[2026-05-21 10:04:52] [info] Localhost config loaded
Data: {
    "database": "srms",
    "environment": "sandbox",
    "base_url": "http:\/\/localhost\/eduscore"
}
--------------------------------------------------------------------------------
[2026-05-21 10:04:53] [info] Localhost config loaded
Data: {
    "database": "srms",
    "environment": "sandbox",
    "base_url": "http:\/\/localhost\/eduscore"
}
--------------------------------------------------------------------------------
[2026-05-21 10:08:14] [info] Localhost config loaded
Data: {
    "database": "srms",
    "environment": "sandbox",
    "base_url": "http:\/\/localhost\/eduscore"
}
--------------------------------------------------------------------------------
[2026-05-21 10:08:15] [info] Localhost config loaded
Data: {
    "database": "srms",
    "environment": "sandbox",
    "base_url": "http:\/\/localhost\/eduscore"
}
--------------------------------------------------------------------------------
[2026-05-21 10:09:35] [info] Localhost config loaded
Data: {
    "database": "srms",
    "environment": "sandbox",
    "base_url": "http:\/\/localhost\/eduscore"
}
--------------------------------------------------------------------------------
[2026-05-21 10:09:37] [info] Localhost config loaded
Data: {
    "database": "srms",
    "environment": "sandbox",
    "base_url": "http:\/\/localhost\/eduscore"
}
--------------------------------------------------------------------------------
[2026-05-21 10:15:21] [info] Localhost config loaded
Data: {
    "database": "srms",
    "environment": "sandbox",
    "base_url": "http:\/\/localhost\/eduscore"
}
--------------------------------------------------------------------------------
[2026-05-21 10:15:21] [info] Localhost config loaded
Data: {
    "database": "srms",
    "environment": "sandbox",
    "base_url": "http:\/\/localhost\/eduscore"
}
--------------------------------------------------------------------------------
[2026-05-21 10:15:39] [info] Localhost config loaded
Data: {
    "database": "srms",
    "environment": "sandbox",
    "base_url": "http:\/\/localhost\/eduscore"
}
--------------------------------------------------------------------------------
[2026-05-21 10:15:39] [info] Localhost config loaded
Data: {
    "database": "srms",
    "environment": "sandbox",
    "base_url": "http:\/\/localhost\/eduscore"
}
--------------------------------------------------------------------------------
[2026-05-21 10:15:42] [info] Localhost config loaded
Data: {
    "database": "srms",
    "environment": "sandbox",
    "base_url": "http:\/\/localhost\/eduscore"
}
--------------------------------------------------------------------------------
[2026-05-21 10:15:49] [info] Localhost config loaded
Data: {
    "database": "srms",
    "environment": "sandbox",
    "base_url": "http:\/\/localhost\/eduscore"
}
--------------------------------------------------------------------------------
[2026-05-21 10:15:49] [info] Localhost config loaded
Data: {
    "database": "srms",
    "environment": "sandbox",
    "base_url": "http:\/\/localhost\/eduscore"
}
--------------------------------------------------------------------------------
[2026-05-21 10:19:56] [info] Localhost config loaded
Data: {
    "database": "srms",
    "environment": "sandbox",
    "base_url": "http:\/\/localhost\/eduscore"
}
--------------------------------------------------------------------------------
[2026-05-21 10:19:56] [info] Localhost config loaded
Data: {
    "database": "srms",
    "environment": "sandbox",
    "base_url": "http:\/\/localhost\/eduscore"
}
--------------------------------------------------------------------------------
[2026-05-21 10:49:36] [info] Localhost config loaded
Data: {
    "database": "srms",
    "environment": "sandbox",
    "base_url": "http:\/\/localhost\/eduscore"
}
--------------------------------------------------------------------------------
[2026-05-21 10:49:44] [info] Localhost config loaded
Data: {
    "database": "srms",
    "environment": "sandbox",
    "base_url": "http:\/\/localhost\/eduscore"
}
--------------------------------------------------------------------------------
