[2026-05-05 01:30:08] [info] Config loaded with PayHero credentials
Data: {
    "api_username": "8WCSp...",
    "account_id": "7950",
    "channel_id": 7550,
    "environment": "production"
}
--------------------------------------------------------------------------------
[2026-05-05 01:30:14] [info] Config loaded with PayHero credentials
Data: {
    "api_username": "8WCSp...",
    "account_id": "7950",
    "channel_id": 7550,
    "environment": "production"
}
--------------------------------------------------------------------------------
[2026-05-05 01:30:49] [info] Config loaded with PayHero credentials
Data: {
    "api_username": "8WCSp...",
    "account_id": "7950",
    "channel_id": 7550,
    "environment": "production"
}
--------------------------------------------------------------------------------
[2026-05-05 01:30:53] [info] Config loaded with PayHero credentials
Data: {
    "api_username": "8WCSp...",
    "account_id": "7950",
    "channel_id": 7550,
    "environment": "production"
}
--------------------------------------------------------------------------------
[2026-05-05 01:30:55] [info] Config loaded with PayHero credentials
Data: {
    "api_username": "8WCSp...",
    "account_id": "7950",
    "channel_id": 7550,
    "environment": "production"
}
--------------------------------------------------------------------------------
[2026-05-05 01:30:56] [info] Config loaded with PayHero credentials
Data: {
    "api_username": "8WCSp...",
    "account_id": "7950",
    "channel_id": 7550,
    "environment": "production"
}
--------------------------------------------------------------------------------
[2026-05-05 01:30:56] [info] Config loaded with PayHero credentials
Data: {
    "api_username": "8WCSp...",
    "account_id": "7950",
    "channel_id": 7550,
    "environment": "production"
}
--------------------------------------------------------------------------------
[2026-05-05 02:39:21] [info] Config loaded with PayHero credentials
Data: {
    "api_username": "8WCSp...",
    "account_id": "7950",
    "channel_id": 7550,
    "environment": "production"
}
--------------------------------------------------------------------------------
[2026-05-05 02:39:26] [info] Config loaded with PayHero credentials
Data: {
    "api_username": "8WCSp...",
    "account_id": "7950",
    "channel_id": 7550,
    "environment": "production"
}
--------------------------------------------------------------------------------
[2026-05-05 03:11:56] [info] Config loaded with PayHero credentials
Data: {
    "api_username": "8WCSp...",
    "account_id": "7950",
    "channel_id": 7550,
    "environment": "production"
}
--------------------------------------------------------------------------------
[2026-05-05 10:33:17] [info] Config loaded with PayHero credentials
Data: {
    "api_username": "8WCSp...",
    "account_id": "7950",
    "channel_id": 7550,
    "environment": "production"
}
--------------------------------------------------------------------------------
[2026-05-05 12:57:49] [info] Config loaded with PayHero credentials
Data: {
    "api_username": "8WCSp...",
    "account_id": "7950",
    "channel_id": 7550,
    "environment": "production"
}
--------------------------------------------------------------------------------
[2026-05-05 12:57:52] [info] Config loaded with PayHero credentials
Data: {
    "api_username": "8WCSp...",
    "account_id": "7950",
    "channel_id": 7550,
    "environment": "production"
}
--------------------------------------------------------------------------------
[2026-05-05 15:36:18] [info] Config loaded with PayHero credentials
Data: {
    "api_username": "8WCSp...",
    "account_id": "7950",
    "channel_id": 7550,
    "environment": "production"
}
--------------------------------------------------------------------------------
[2026-05-05 15:36:18] [info] Config loaded with PayHero credentials
Data: {
    "api_username": "8WCSp...",
    "account_id": "7950",
    "channel_id": 7550,
    "environment": "production"
}
--------------------------------------------------------------------------------
[2026-05-05 15:36:18] [info] Config loaded with PayHero credentials
Data: {
    "api_username": "8WCSp...",
    "account_id": "7950",
    "channel_id": 7550,
    "environment": "production"
}
--------------------------------------------------------------------------------
[2026-05-05 15:36:19] [info] Config loaded with PayHero credentials
Data: {
    "api_username": "8WCSp...",
    "account_id": "7950",
    "channel_id": 7550,
    "environment": "production"
}
--------------------------------------------------------------------------------
[2026-05-05 15:36:45] [info] Config loaded with PayHero credentials
Data: {
    "api_username": "8WCSp...",
    "account_id": "7950",
    "channel_id": 7550,
    "environment": "production"
}
--------------------------------------------------------------------------------
[2026-05-05 17:14:41] [info] Config loaded with PayHero credentials
Data: {
    "api_username": "8WCSp...",
    "account_id": "7950",
    "channel_id": 7550,
    "environment": "production"
}
--------------------------------------------------------------------------------
[2026-05-05 17:14:43] [info] Config loaded with PayHero credentials
Data: {
    "api_username": "8WCSp...",
    "account_id": "7950",
    "channel_id": 7550,
    "environment": "production"
}
--------------------------------------------------------------------------------
[2026-05-05 17:14:44] [info] Config loaded with PayHero credentials
Data: {
    "api_username": "8WCSp...",
    "account_id": "7950",
    "channel_id": 7550,
    "environment": "production"
}
--------------------------------------------------------------------------------
[2026-05-05 17:14:44] [info] Config loaded with PayHero credentials
Data: {
    "api_username": "8WCSp...",
    "account_id": "7950",
    "channel_id": 7550,
    "environment": "production"
}
--------------------------------------------------------------------------------
[2026-05-05 17:14:45] [info] Config loaded with PayHero credentials
Data: {
    "api_username": "8WCSp...",
    "account_id": "7950",
    "channel_id": 7550,
    "environment": "production"
}
--------------------------------------------------------------------------------
[2026-05-05 18:33:54] [info] Config loaded with PayHero credentials
Data: {
    "api_username": "8WCSp...",
    "account_id": "7950",
    "channel_id": 7550,
    "environment": "production"
}
--------------------------------------------------------------------------------
[2026-05-05 19:17:10] [info] Config loaded with PayHero credentials
Data: {
    "api_username": "8WCSp...",
    "account_id": "7950",
    "channel_id": 7550,
    "environment": "production"
}
--------------------------------------------------------------------------------
[2026-05-05 19:17:12] [info] Config loaded with PayHero credentials
Data: {
    "api_username": "8WCSp...",
    "account_id": "7950",
    "channel_id": 7550,
    "environment": "production"
}
--------------------------------------------------------------------------------
[2026-05-05 19:56:55] [info] Config loaded with PayHero credentials
Data: {
    "api_username": "8WCSp...",
    "account_id": "7950",
    "channel_id": 7550,
    "environment": "production"
}
--------------------------------------------------------------------------------
[2026-05-05 19:57:19] [info] Config loaded with PayHero credentials
Data: {
    "api_username": "8WCSp...",
    "account_id": "7950",
    "channel_id": 7550,
    "environment": "production"
}
--------------------------------------------------------------------------------
[2026-05-05 19:57:26] [info] Config loaded with PayHero credentials
Data: {
    "api_username": "8WCSp...",
    "account_id": "7950",
    "channel_id": 7550,
    "environment": "production"
}
--------------------------------------------------------------------------------
[2026-05-05 19:57:40] [info] Config loaded with PayHero credentials
Data: {
    "api_username": "8WCSp...",
    "account_id": "7950",
    "channel_id": 7550,
    "environment": "production"
}
--------------------------------------------------------------------------------
[2026-05-05 19:57:43] [info] Config loaded with PayHero credentials
Data: {
    "api_username": "8WCSp...",
    "account_id": "7950",
    "channel_id": 7550,
    "environment": "production"
}
--------------------------------------------------------------------------------
[2026-05-05 20:02:32] [info] Config loaded with PayHero credentials
Data: {
    "api_username": "8WCSp...",
    "account_id": "7950",
    "channel_id": 7550,
    "environment": "production"
}
--------------------------------------------------------------------------------
[2026-05-05 20:02:44] [info] Config loaded with PayHero credentials
Data: {
    "api_username": "8WCSp...",
    "account_id": "7950",
    "channel_id": 7550,
    "environment": "production"
}
--------------------------------------------------------------------------------
[2026-05-05 22:02:20] [info] Config loaded with PayHero credentials
Data: {
    "api_username": "8WCSp...",
    "account_id": "7950",
    "channel_id": 7550,
    "environment": "production"
}
--------------------------------------------------------------------------------
[2026-05-05 22:08:17] [info] Config loaded with PayHero credentials
Data: {
    "api_username": "8WCSp...",
    "account_id": "7950",
    "channel_id": 7550,
    "environment": "production"
}
--------------------------------------------------------------------------------
[2026-05-05 22:26:00] [info] Config loaded with PayHero credentials
Data: {
    "api_username": "8WCSp...",
    "account_id": "7950",
    "channel_id": 7550,
    "environment": "production"
}
--------------------------------------------------------------------------------
