[2026-05-14 01:15:23] [info] Config loaded with PayHero credentials
Data: {
    "api_username": "8WCSp...",
    "account_id": "7950",
    "channel_id": 7550,
    "environment": "production"
}
--------------------------------------------------------------------------------
[2026-05-14 01:15:24] [info] Config loaded with PayHero credentials
Data: {
    "api_username": "8WCSp...",
    "account_id": "7950",
    "channel_id": 7550,
    "environment": "production"
}
--------------------------------------------------------------------------------
[2026-05-14 01:15:25] [info] Config loaded with PayHero credentials
Data: {
    "api_username": "8WCSp...",
    "account_id": "7950",
    "channel_id": 7550,
    "environment": "production"
}
--------------------------------------------------------------------------------
[2026-05-14 03:25:05] [info] Config loaded with PayHero credentials
Data: {
    "api_username": "8WCSp...",
    "account_id": "7950",
    "channel_id": 7550,
    "environment": "production"
}
--------------------------------------------------------------------------------
[2026-05-14 05:31:38] [info] Config loaded with PayHero credentials
Data: {
    "api_username": "8WCSp...",
    "account_id": "7950",
    "channel_id": 7550,
    "environment": "production"
}
--------------------------------------------------------------------------------
[2026-05-14 05:51:50] [info] Config loaded with PayHero credentials
Data: {
    "api_username": "8WCSp...",
    "account_id": "7950",
    "channel_id": 7550,
    "environment": "production"
}
--------------------------------------------------------------------------------
[2026-05-14 07:08:26] [info] Config loaded with PayHero credentials
Data: {
    "api_username": "8WCSp...",
    "account_id": "7950",
    "channel_id": 7550,
    "environment": "production"
}
--------------------------------------------------------------------------------
[2026-05-14 12:55:14] [info] Config loaded with PayHero credentials
Data: {
    "api_username": "8WCSp...",
    "account_id": "7950",
    "channel_id": 7550,
    "environment": "production"
}
--------------------------------------------------------------------------------
[2026-05-14 12:55:54] [info] Config loaded with PayHero credentials
Data: {
    "api_username": "8WCSp...",
    "account_id": "7950",
    "channel_id": 7550,
    "environment": "production"
}
--------------------------------------------------------------------------------
[2026-05-14 21:56:00] [info] Config loaded with PayHero credentials
Data: {
    "api_username": "8WCSp...",
    "account_id": "7950",
    "channel_id": 7550,
    "environment": "production"
}
--------------------------------------------------------------------------------
[2026-05-14 22:50:44] [info] Config loaded with PayHero credentials
Data: {
    "api_username": "8WCSp...",
    "account_id": "7950",
    "channel_id": 7550,
    "environment": "production"
}
--------------------------------------------------------------------------------
