[2026-05-23 16:00:46] [info] Localhost config loaded
Data: {
    "database": "srms",
    "environment": "sandbox",
    "base_url": "http:\/\/localhost\/eduscore"
}
--------------------------------------------------------------------------------
[2026-05-23 16:08:00] [info] Localhost config loaded
Data: {
    "database": "srms",
    "environment": "sandbox",
    "base_url": "http:\/\/localhost\/eduscore"
}
--------------------------------------------------------------------------------
[2026-05-23 16:12:27] [info] Localhost config loaded
Data: {
    "database": "srms",
    "environment": "sandbox",
    "base_url": "http:\/\/localhost\/eduscore"
}
--------------------------------------------------------------------------------
[2026-05-23 16:13:45] [info] Localhost config loaded
Data: {
    "database": "srms",
    "environment": "sandbox",
    "base_url": "http:\/\/localhost\/eduscore"
}
--------------------------------------------------------------------------------
[2026-05-23 16:13:49] [info] Localhost config loaded
Data: {
    "database": "srms",
    "environment": "sandbox",
    "base_url": "http:\/\/localhost\/eduscore"
}
--------------------------------------------------------------------------------
[2026-05-23 16:13:49] [info] Localhost config loaded
Data: {
    "database": "srms",
    "environment": "sandbox",
    "base_url": "http:\/\/localhost\/eduscore"
}
--------------------------------------------------------------------------------
[2026-05-23 16:14:27] [info] Localhost config loaded
Data: {
    "database": "srms",
    "environment": "sandbox",
    "base_url": "http:\/\/localhost\/eduscore"
}
--------------------------------------------------------------------------------
[2026-05-23 16:14:28] [info] Localhost config loaded
Data: {
    "database": "srms",
    "environment": "sandbox",
    "base_url": "http:\/\/localhost\/eduscore"
}
--------------------------------------------------------------------------------
[2026-05-23 16:42:46] [info] Localhost config loaded
Data: {
    "database": "srms",
    "environment": "sandbox",
    "base_url": "http:\/\/localhost\/eduscore"
}
--------------------------------------------------------------------------------
[2026-05-23 16:42:51] [info] Localhost config loaded
Data: {
    "database": "srms",
    "environment": "sandbox",
    "base_url": "http:\/\/localhost\/eduscore"
}
--------------------------------------------------------------------------------
[2026-05-23 16:48:14] [info] Localhost config loaded
Data: {
    "database": "srms",
    "environment": "sandbox",
    "base_url": "http:\/\/localhost\/eduscore"
}
--------------------------------------------------------------------------------
[2026-05-23 16:48:15] [info] Localhost config loaded
Data: {
    "database": "srms",
    "environment": "sandbox",
    "base_url": "http:\/\/localhost\/eduscore"
}
--------------------------------------------------------------------------------
[2026-05-23 16:48:43] [info] Localhost config loaded
Data: {
    "database": "srms",
    "environment": "sandbox",
    "base_url": "http:\/\/localhost\/eduscore"
}
--------------------------------------------------------------------------------
[2026-05-23 16:48:43] [info] Localhost config loaded
Data: {
    "database": "srms",
    "environment": "sandbox",
    "base_url": "http:\/\/localhost\/eduscore"
}
--------------------------------------------------------------------------------
[2026-05-23 16:51:23] [info] Localhost config loaded
Data: {
    "database": "srms",
    "environment": "sandbox",
    "base_url": "http:\/\/localhost\/eduscore"
}
--------------------------------------------------------------------------------
[2026-05-23 16:51:23] [info] Localhost config loaded
Data: {
    "database": "srms",
    "environment": "sandbox",
    "base_url": "http:\/\/localhost\/eduscore"
}
--------------------------------------------------------------------------------
[2026-05-23 16:57:32] [info] Localhost config loaded
Data: {
    "database": "srms",
    "environment": "sandbox",
    "base_url": "http:\/\/localhost\/eduscore"
}
--------------------------------------------------------------------------------
[2026-05-23 16:58:12] [info] Localhost config loaded
Data: {
    "database": "srms",
    "environment": "sandbox",
    "base_url": "http:\/\/localhost\/eduscore"
}
--------------------------------------------------------------------------------
[2026-05-23 16:58:23] [info] Localhost config loaded
Data: {
    "database": "srms",
    "environment": "sandbox",
    "base_url": "http:\/\/localhost\/eduscore"
}
--------------------------------------------------------------------------------
[2026-05-23 16:58:24] [info] Localhost config loaded
Data: {
    "database": "srms",
    "environment": "sandbox",
    "base_url": "http:\/\/localhost\/eduscore"
}
--------------------------------------------------------------------------------
[2026-05-23 16:59:38] [info] Localhost config loaded
Data: {
    "database": "srms",
    "environment": "sandbox",
    "base_url": "http:\/\/localhost\/eduscore"
}
--------------------------------------------------------------------------------
[2026-05-23 16:59:41] [info] Localhost config loaded
Data: {
    "database": "srms",
    "environment": "sandbox",
    "base_url": "http:\/\/localhost\/eduscore"
}
--------------------------------------------------------------------------------
[2026-05-23 17:00:18] [info] Localhost config loaded
Data: {
    "database": "srms",
    "environment": "sandbox",
    "base_url": "http:\/\/localhost\/eduscore"
}
--------------------------------------------------------------------------------
[2026-05-23 17:00:18] [info] Localhost config loaded
Data: {
    "database": "srms",
    "environment": "sandbox",
    "base_url": "http:\/\/localhost\/eduscore"
}
--------------------------------------------------------------------------------
[2026-05-23 17:02:59] [info] Localhost config loaded
Data: {
    "database": "srms",
    "environment": "sandbox",
    "base_url": "http:\/\/localhost\/eduscore"
}
--------------------------------------------------------------------------------
[2026-05-23 17:03:01] [info] Localhost config loaded
Data: {
    "database": "srms",
    "environment": "sandbox",
    "base_url": "http:\/\/localhost\/eduscore"
}
--------------------------------------------------------------------------------
[2026-05-23 17:03:10] [info] Localhost config loaded
Data: {
    "database": "srms",
    "environment": "sandbox",
    "base_url": "http:\/\/localhost\/eduscore"
}
--------------------------------------------------------------------------------
[2026-05-23 17:03:10] [info] Localhost config loaded
Data: {
    "database": "srms",
    "environment": "sandbox",
    "base_url": "http:\/\/localhost\/eduscore"
}
--------------------------------------------------------------------------------
