[2026-05-26 08:16:08] [info] Localhost config loaded
Data: {
    "database": "srms",
    "environment": "sandbox",
    "base_url": "http:\/\/localhost\/eduscore"
}
--------------------------------------------------------------------------------
[2026-05-26 08:22:04] [info] Localhost config loaded
Data: {
    "database": "srms",
    "environment": "sandbox",
    "base_url": "http:\/\/localhost\/eduscore"
}
--------------------------------------------------------------------------------
[2026-05-26 08:22:23] [info] Localhost config loaded
Data: {
    "database": "srms",
    "environment": "sandbox",
    "base_url": "http:\/\/localhost\/eduscore"
}
--------------------------------------------------------------------------------
[2026-05-26 08:22:33] [info] Localhost config loaded
Data: {
    "database": "srms",
    "environment": "sandbox",
    "base_url": "http:\/\/localhost\/eduscore"
}
--------------------------------------------------------------------------------
[2026-05-26 08:29:19] [info] Localhost config loaded
Data: {
    "database": "srms",
    "environment": "sandbox",
    "base_url": "http:\/\/localhost\/eduscore"
}
--------------------------------------------------------------------------------
[2026-05-26 08:29:20] [info] Localhost config loaded
Data: {
    "database": "srms",
    "environment": "sandbox",
    "base_url": "http:\/\/localhost\/eduscore"
}
--------------------------------------------------------------------------------
[2026-05-26 08:34:06] [info] Localhost config loaded
Data: {
    "database": "srms",
    "environment": "sandbox",
    "base_url": "http:\/\/localhost\/eduscore"
}
--------------------------------------------------------------------------------
[2026-05-26 08:34:06] [info] Localhost config loaded
Data: {
    "database": "srms",
    "environment": "sandbox",
    "base_url": "http:\/\/localhost\/eduscore"
}
--------------------------------------------------------------------------------
[2026-05-26 08:34:16] [info] Localhost config loaded
Data: {
    "database": "srms",
    "environment": "sandbox",
    "base_url": "http:\/\/localhost\/eduscore"
}
--------------------------------------------------------------------------------
[2026-05-26 08:34:16] [info] Localhost config loaded
Data: {
    "database": "srms",
    "environment": "sandbox",
    "base_url": "http:\/\/localhost\/eduscore"
}
--------------------------------------------------------------------------------
[2026-05-26 08:40:37] [info] Localhost config loaded
Data: {
    "database": "srms",
    "environment": "sandbox",
    "base_url": "http:\/\/localhost\/eduscore"
}
--------------------------------------------------------------------------------
[2026-05-26 08:40:37] [info] Localhost config loaded
Data: {
    "database": "srms",
    "environment": "sandbox",
    "base_url": "http:\/\/localhost\/eduscore"
}
--------------------------------------------------------------------------------
[2026-05-26 08:50:26] [info] Localhost config loaded
Data: {
    "database": "srms",
    "environment": "sandbox",
    "base_url": "http:\/\/localhost\/eduscore"
}
--------------------------------------------------------------------------------
[2026-05-26 08:50:27] [info] Localhost config loaded
Data: {
    "database": "srms",
    "environment": "sandbox",
    "base_url": "http:\/\/localhost\/eduscore"
}
--------------------------------------------------------------------------------
[2026-05-26 08:50:40] [info] Localhost config loaded
Data: {
    "database": "srms",
    "environment": "sandbox",
    "base_url": "http:\/\/localhost\/eduscore"
}
--------------------------------------------------------------------------------
[2026-05-26 08:50:40] [info] Localhost config loaded
Data: {
    "database": "srms",
    "environment": "sandbox",
    "base_url": "http:\/\/localhost\/eduscore"
}
--------------------------------------------------------------------------------
[2026-05-26 08:51:47] [info] Localhost config loaded
Data: {
    "database": "srms",
    "environment": "sandbox",
    "base_url": "http:\/\/localhost\/eduscore"
}
--------------------------------------------------------------------------------
[2026-05-26 08:51:48] [info] Localhost config loaded
Data: {
    "database": "srms",
    "environment": "sandbox",
    "base_url": "http:\/\/localhost\/eduscore"
}
--------------------------------------------------------------------------------
[2026-05-26 08:51:56] [info] Localhost config loaded
Data: {
    "database": "srms",
    "environment": "sandbox",
    "base_url": "http:\/\/localhost\/eduscore"
}
--------------------------------------------------------------------------------
[2026-05-26 08:51:56] [info] Localhost config loaded
Data: {
    "database": "srms",
    "environment": "sandbox",
    "base_url": "http:\/\/localhost\/eduscore"
}
--------------------------------------------------------------------------------
[2026-05-26 08:51:57] [info] Localhost config loaded
Data: {
    "database": "srms",
    "environment": "sandbox",
    "base_url": "http:\/\/localhost\/eduscore"
}
--------------------------------------------------------------------------------
[2026-05-26 08:51:57] [info] Localhost config loaded
Data: {
    "database": "srms",
    "environment": "sandbox",
    "base_url": "http:\/\/localhost\/eduscore"
}
--------------------------------------------------------------------------------
[2026-05-26 08:57:50] [info] Localhost config loaded
Data: {
    "database": "srms",
    "environment": "sandbox",
    "base_url": "http:\/\/localhost\/eduscore"
}
--------------------------------------------------------------------------------
[2026-05-26 08:57:51] [info] Localhost config loaded
Data: {
    "database": "srms",
    "environment": "sandbox",
    "base_url": "http:\/\/localhost\/eduscore"
}
--------------------------------------------------------------------------------
[2026-05-26 09:00:05] [info] Localhost config loaded
Data: {
    "database": "srms",
    "environment": "sandbox",
    "base_url": "http:\/\/localhost\/eduscore"
}
--------------------------------------------------------------------------------
[2026-05-26 09:00:05] [info] Localhost config loaded
Data: {
    "database": "srms",
    "environment": "sandbox",
    "base_url": "http:\/\/localhost\/eduscore"
}
--------------------------------------------------------------------------------
[2026-05-26 09:05:02] [info] Localhost config loaded
Data: {
    "database": "srms",
    "environment": "sandbox",
    "base_url": "http:\/\/localhost\/eduscore"
}
--------------------------------------------------------------------------------
[2026-05-26 09:05:03] [info] Localhost config loaded
Data: {
    "database": "srms",
    "environment": "sandbox",
    "base_url": "http:\/\/localhost\/eduscore"
}
--------------------------------------------------------------------------------
[2026-05-26 09:05:41] [info] Localhost config loaded
Data: {
    "database": "srms",
    "environment": "sandbox",
    "base_url": "http:\/\/localhost\/eduscore"
}
--------------------------------------------------------------------------------
[2026-05-26 09:05:42] [info] Localhost config loaded
Data: {
    "database": "srms",
    "environment": "sandbox",
    "base_url": "http:\/\/localhost\/eduscore"
}
--------------------------------------------------------------------------------
[2026-05-26 09:11:51] [info] Localhost config loaded
Data: {
    "database": "srms",
    "environment": "sandbox",
    "base_url": "http:\/\/localhost\/eduscore"
}
--------------------------------------------------------------------------------
[2026-05-26 09:17:39] [info] Localhost config loaded
Data: {
    "database": "srms",
    "environment": "sandbox",
    "base_url": "http:\/\/localhost\/eduscore"
}
--------------------------------------------------------------------------------
[2026-05-26 09:20:08] [info] Localhost config loaded
Data: {
    "database": "srms",
    "environment": "sandbox",
    "base_url": "http:\/\/localhost\/eduscore"
}
--------------------------------------------------------------------------------
[2026-05-26 09:20:09] [info] Localhost config loaded
Data: {
    "database": "srms",
    "environment": "sandbox",
    "base_url": "http:\/\/localhost\/eduscore"
}
--------------------------------------------------------------------------------
[2026-05-26 09:20:19] [info] Localhost config loaded
Data: {
    "database": "srms",
    "environment": "sandbox",
    "base_url": "http:\/\/localhost\/eduscore"
}
--------------------------------------------------------------------------------
[2026-05-26 09:20:24] [info] Localhost config loaded
Data: {
    "database": "srms",
    "environment": "sandbox",
    "base_url": "http:\/\/localhost\/eduscore"
}
--------------------------------------------------------------------------------
[2026-05-26 09:20:41] [info] Localhost config loaded
Data: {
    "database": "srms",
    "environment": "sandbox",
    "base_url": "http:\/\/localhost\/eduscore"
}
--------------------------------------------------------------------------------
[2026-05-26 09:21:42] [info] Localhost config loaded
Data: {
    "database": "srms",
    "environment": "sandbox",
    "base_url": "http:\/\/localhost\/eduscore"
}
--------------------------------------------------------------------------------
[2026-05-26 09:32:20] [info] Localhost config loaded
Data: {
    "database": "srms",
    "environment": "sandbox",
    "base_url": "http:\/\/localhost\/eduscore"
}
--------------------------------------------------------------------------------
[2026-05-26 09:32:31] [info] Localhost config loaded
Data: {
    "database": "srms",
    "environment": "sandbox",
    "base_url": "http:\/\/localhost\/eduscore"
}
--------------------------------------------------------------------------------
[2026-05-26 09:32:44] [info] Localhost config loaded
Data: {
    "database": "srms",
    "environment": "sandbox",
    "base_url": "http:\/\/localhost\/eduscore"
}
--------------------------------------------------------------------------------
[2026-05-26 09:44:54] [info] Localhost config loaded
Data: {
    "database": "srms",
    "environment": "sandbox",
    "base_url": "http:\/\/localhost\/eduscore"
}
--------------------------------------------------------------------------------
[2026-05-26 09:48:11] [info] Localhost config loaded
Data: {
    "database": "srms",
    "environment": "sandbox",
    "base_url": "http:\/\/localhost\/eduscore"
}
--------------------------------------------------------------------------------
[2026-05-26 09:48:34] [info] Localhost config loaded
Data: {
    "database": "srms",
    "environment": "sandbox",
    "base_url": "http:\/\/localhost\/eduscore"
}
--------------------------------------------------------------------------------
[2026-05-26 09:54:20] [info] Localhost config loaded
Data: {
    "database": "srms",
    "environment": "sandbox",
    "base_url": "http:\/\/localhost\/eduscore"
}
--------------------------------------------------------------------------------
[2026-05-26 10:00:21] [info] Localhost config loaded
Data: {
    "database": "srms",
    "environment": "sandbox",
    "base_url": "http:\/\/localhost\/eduscore"
}
--------------------------------------------------------------------------------
[2026-05-26 10:04:00] [info] Localhost config loaded
Data: {
    "database": "srms",
    "environment": "sandbox",
    "base_url": "http:\/\/localhost\/eduscore"
}
--------------------------------------------------------------------------------
[2026-05-26 10:04:41] [info] Localhost config loaded
Data: {
    "database": "srms",
    "environment": "sandbox",
    "base_url": "http:\/\/localhost\/eduscore"
}
--------------------------------------------------------------------------------
[2026-05-26 10:04:50] [info] Localhost config loaded
Data: {
    "database": "srms",
    "environment": "sandbox",
    "base_url": "http:\/\/localhost\/eduscore"
}
--------------------------------------------------------------------------------
[2026-05-26 10:04:58] [info] Localhost config loaded
Data: {
    "database": "srms",
    "environment": "sandbox",
    "base_url": "http:\/\/localhost\/eduscore"
}
--------------------------------------------------------------------------------
[2026-05-26 10:05:04] [info] Localhost config loaded
Data: {
    "database": "srms",
    "environment": "sandbox",
    "base_url": "http:\/\/localhost\/eduscore"
}
--------------------------------------------------------------------------------
[2026-05-26 10:05:08] [info] Localhost config loaded
Data: {
    "database": "srms",
    "environment": "sandbox",
    "base_url": "http:\/\/localhost\/eduscore"
}
--------------------------------------------------------------------------------
[2026-05-26 10:05:38] [info] Localhost config loaded
Data: {
    "database": "srms",
    "environment": "sandbox",
    "base_url": "http:\/\/localhost\/eduscore"
}
--------------------------------------------------------------------------------
[2026-05-26 10:05:52] [info] Localhost config loaded
Data: {
    "database": "srms",
    "environment": "sandbox",
    "base_url": "http:\/\/localhost\/eduscore"
}
--------------------------------------------------------------------------------
[2026-05-26 10:06:33] [info] Localhost config loaded
Data: {
    "database": "srms",
    "environment": "sandbox",
    "base_url": "http:\/\/localhost\/eduscore"
}
--------------------------------------------------------------------------------
[2026-05-26 10:24:01] [info] Localhost config loaded
Data: {
    "database": "srms",
    "environment": "sandbox",
    "base_url": "http:\/\/localhost\/eduscore"
}
--------------------------------------------------------------------------------
[2026-05-26 10:24:53] [info] Localhost config loaded
Data: {
    "database": "srms",
    "environment": "sandbox",
    "base_url": "http:\/\/localhost\/eduscore"
}
--------------------------------------------------------------------------------
[2026-05-26 10:30:03] [info] Localhost config loaded
Data: {
    "database": "srms",
    "environment": "sandbox",
    "base_url": "http:\/\/localhost\/eduscore"
}
--------------------------------------------------------------------------------
[2026-05-26 10:33:21] [info] Localhost config loaded
Data: {
    "database": "srms",
    "environment": "sandbox",
    "base_url": "http:\/\/localhost\/eduscore"
}
--------------------------------------------------------------------------------
