[2026-05-09 01:37:18] [info] Config loaded with PayHero credentials
Data: {
    "api_username": "8WCSp...",
    "account_id": "7950",
    "channel_id": 7550,
    "environment": "production"
}
--------------------------------------------------------------------------------
[2026-05-09 08:21:32] [info] Config loaded with PayHero credentials
Data: {
    "api_username": "8WCSp...",
    "account_id": "7950",
    "channel_id": 7550,
    "environment": "production"
}
--------------------------------------------------------------------------------
[2026-05-09 08:21:33] [info] Config loaded with PayHero credentials
Data: {
    "api_username": "8WCSp...",
    "account_id": "7950",
    "channel_id": 7550,
    "environment": "production"
}
--------------------------------------------------------------------------------
[2026-05-09 12:38:05] [info] Config loaded with PayHero credentials
Data: {
    "api_username": "8WCSp...",
    "account_id": "7950",
    "channel_id": 7550,
    "environment": "production"
}
--------------------------------------------------------------------------------
[2026-05-09 12:38:07] [info] Config loaded with PayHero credentials
Data: {
    "api_username": "8WCSp...",
    "account_id": "7950",
    "channel_id": 7550,
    "environment": "production"
}
--------------------------------------------------------------------------------
[2026-05-09 12:38:13] [info] Config loaded with PayHero credentials
Data: {
    "api_username": "8WCSp...",
    "account_id": "7950",
    "channel_id": 7550,
    "environment": "production"
}
--------------------------------------------------------------------------------
[2026-05-09 12:39:01] [info] Config loaded with PayHero credentials
Data: {
    "api_username": "8WCSp...",
    "account_id": "7950",
    "channel_id": 7550,
    "environment": "production"
}
--------------------------------------------------------------------------------
[2026-05-09 12:39:05] [info] Config loaded with PayHero credentials
Data: {
    "api_username": "8WCSp...",
    "account_id": "7950",
    "channel_id": 7550,
    "environment": "production"
}
--------------------------------------------------------------------------------
[2026-05-09 12:39:09] [info] Config loaded with PayHero credentials
Data: {
    "api_username": "8WCSp...",
    "account_id": "7950",
    "channel_id": 7550,
    "environment": "production"
}
--------------------------------------------------------------------------------
[2026-05-09 12:41:11] [info] Config loaded with PayHero credentials
Data: {
    "api_username": "8WCSp...",
    "account_id": "7950",
    "channel_id": 7550,
    "environment": "production"
}
--------------------------------------------------------------------------------
[2026-05-09 12:41:15] [info] Config loaded with PayHero credentials
Data: {
    "api_username": "8WCSp...",
    "account_id": "7950",
    "channel_id": 7550,
    "environment": "production"
}
--------------------------------------------------------------------------------
[2026-05-09 12:41:15] [info] Config loaded with PayHero credentials
Data: {
    "api_username": "8WCSp...",
    "account_id": "7950",
    "channel_id": 7550,
    "environment": "production"
}
--------------------------------------------------------------------------------
[2026-05-09 12:41:21] [info] Config loaded with PayHero credentials
Data: {
    "api_username": "8WCSp...",
    "account_id": "7950",
    "channel_id": 7550,
    "environment": "production"
}
--------------------------------------------------------------------------------
[2026-05-09 12:41:23] [info] Config loaded with PayHero credentials
Data: {
    "api_username": "8WCSp...",
    "account_id": "7950",
    "channel_id": 7550,
    "environment": "production"
}
--------------------------------------------------------------------------------
[2026-05-09 12:41:33] [info] Config loaded with PayHero credentials
Data: {
    "api_username": "8WCSp...",
    "account_id": "7950",
    "channel_id": 7550,
    "environment": "production"
}
--------------------------------------------------------------------------------
[2026-05-09 12:41:33] [info] Config loaded with PayHero credentials
Data: {
    "api_username": "8WCSp...",
    "account_id": "7950",
    "channel_id": 7550,
    "environment": "production"
}
--------------------------------------------------------------------------------
[2026-05-09 12:41:48] [info] Config loaded with PayHero credentials
Data: {
    "api_username": "8WCSp...",
    "account_id": "7950",
    "channel_id": 7550,
    "environment": "production"
}
--------------------------------------------------------------------------------
[2026-05-09 12:43:40] [info] Config loaded with PayHero credentials
Data: {
    "api_username": "8WCSp...",
    "account_id": "7950",
    "channel_id": 7550,
    "environment": "production"
}
--------------------------------------------------------------------------------
[2026-05-09 12:44:10] [info] Config loaded with PayHero credentials
Data: {
    "api_username": "8WCSp...",
    "account_id": "7950",
    "channel_id": 7550,
    "environment": "production"
}
--------------------------------------------------------------------------------
[2026-05-09 12:44:13] [info] Config loaded with PayHero credentials
Data: {
    "api_username": "8WCSp...",
    "account_id": "7950",
    "channel_id": 7550,
    "environment": "production"
}
--------------------------------------------------------------------------------
[2026-05-09 12:44:29] [info] Config loaded with PayHero credentials
Data: {
    "api_username": "8WCSp...",
    "account_id": "7950",
    "channel_id": 7550,
    "environment": "production"
}
--------------------------------------------------------------------------------
[2026-05-09 12:44:30] [info] Config loaded with PayHero credentials
Data: {
    "api_username": "8WCSp...",
    "account_id": "7950",
    "channel_id": 7550,
    "environment": "production"
}
--------------------------------------------------------------------------------
[2026-05-09 12:44:43] [info] Config loaded with PayHero credentials
Data: {
    "api_username": "8WCSp...",
    "account_id": "7950",
    "channel_id": 7550,
    "environment": "production"
}
--------------------------------------------------------------------------------
[2026-05-09 12:51:08] [info] Config loaded with PayHero credentials
Data: {
    "api_username": "8WCSp...",
    "account_id": "7950",
    "channel_id": 7550,
    "environment": "production"
}
--------------------------------------------------------------------------------
[2026-05-09 12:51:58] [info] Config loaded with PayHero credentials
Data: {
    "api_username": "8WCSp...",
    "account_id": "7950",
    "channel_id": 7550,
    "environment": "production"
}
--------------------------------------------------------------------------------
[2026-05-09 14:06:40] [info] Config loaded with PayHero credentials
Data: {
    "api_username": "8WCSp...",
    "account_id": "7950",
    "channel_id": 7550,
    "environment": "production"
}
--------------------------------------------------------------------------------
[2026-05-09 14:06:41] [info] Config loaded with PayHero credentials
Data: {
    "api_username": "8WCSp...",
    "account_id": "7950",
    "channel_id": 7550,
    "environment": "production"
}
--------------------------------------------------------------------------------
[2026-05-09 14:29:52] [info] Config loaded with PayHero credentials
Data: {
    "api_username": "8WCSp...",
    "account_id": "7950",
    "channel_id": 7550,
    "environment": "production"
}
--------------------------------------------------------------------------------
[2026-05-09 14:30:15] [info] Config loaded with PayHero credentials
Data: {
    "api_username": "8WCSp...",
    "account_id": "7950",
    "channel_id": 7550,
    "environment": "production"
}
--------------------------------------------------------------------------------
[2026-05-09 14:30:21] [info] Config loaded with PayHero credentials
Data: {
    "api_username": "8WCSp...",
    "account_id": "7950",
    "channel_id": 7550,
    "environment": "production"
}
--------------------------------------------------------------------------------
[2026-05-09 14:30:24] [info] Config loaded with PayHero credentials
Data: {
    "api_username": "8WCSp...",
    "account_id": "7950",
    "channel_id": 7550,
    "environment": "production"
}
--------------------------------------------------------------------------------
[2026-05-09 14:30:30] [info] Config loaded with PayHero credentials
Data: {
    "api_username": "8WCSp...",
    "account_id": "7950",
    "channel_id": 7550,
    "environment": "production"
}
--------------------------------------------------------------------------------
[2026-05-09 14:30:33] [info] Config loaded with PayHero credentials
Data: {
    "api_username": "8WCSp...",
    "account_id": "7950",
    "channel_id": 7550,
    "environment": "production"
}
--------------------------------------------------------------------------------
[2026-05-09 14:30:36] [info] Config loaded with PayHero credentials
Data: {
    "api_username": "8WCSp...",
    "account_id": "7950",
    "channel_id": 7550,
    "environment": "production"
}
--------------------------------------------------------------------------------
[2026-05-09 14:30:36] [info] Config loaded with PayHero credentials
Data: {
    "api_username": "8WCSp...",
    "account_id": "7950",
    "channel_id": 7550,
    "environment": "production"
}
--------------------------------------------------------------------------------
[2026-05-09 14:31:05] [info] Config loaded with PayHero credentials
Data: {
    "api_username": "8WCSp...",
    "account_id": "7950",
    "channel_id": 7550,
    "environment": "production"
}
--------------------------------------------------------------------------------
[2026-05-09 14:31:15] [info] Config loaded with PayHero credentials
Data: {
    "api_username": "8WCSp...",
    "account_id": "7950",
    "channel_id": 7550,
    "environment": "production"
}
--------------------------------------------------------------------------------
[2026-05-09 14:31:17] [info] Config loaded with PayHero credentials
Data: {
    "api_username": "8WCSp...",
    "account_id": "7950",
    "channel_id": 7550,
    "environment": "production"
}
--------------------------------------------------------------------------------
[2026-05-09 14:31:17] [info] Config loaded with PayHero credentials
Data: {
    "api_username": "8WCSp...",
    "account_id": "7950",
    "channel_id": 7550,
    "environment": "production"
}
--------------------------------------------------------------------------------
[2026-05-09 14:31:17] [info] Config loaded with PayHero credentials
Data: {
    "api_username": "8WCSp...",
    "account_id": "7950",
    "channel_id": 7550,
    "environment": "production"
}
--------------------------------------------------------------------------------
[2026-05-09 14:31:23] [info] Config loaded with PayHero credentials
Data: {
    "api_username": "8WCSp...",
    "account_id": "7950",
    "channel_id": 7550,
    "environment": "production"
}
--------------------------------------------------------------------------------
[2026-05-09 14:31:24] [info] Config loaded with PayHero credentials
Data: {
    "api_username": "8WCSp...",
    "account_id": "7950",
    "channel_id": 7550,
    "environment": "production"
}
--------------------------------------------------------------------------------
[2026-05-09 14:31:45] [info] Config loaded with PayHero credentials
Data: {
    "api_username": "8WCSp...",
    "account_id": "7950",
    "channel_id": 7550,
    "environment": "production"
}
--------------------------------------------------------------------------------
[2026-05-09 14:31:57] [info] Config loaded with PayHero credentials
Data: {
    "api_username": "8WCSp...",
    "account_id": "7950",
    "channel_id": 7550,
    "environment": "production"
}
--------------------------------------------------------------------------------
[2026-05-09 14:31:57] [info] Config loaded with PayHero credentials
Data: {
    "api_username": "8WCSp...",
    "account_id": "7950",
    "channel_id": 7550,
    "environment": "production"
}
--------------------------------------------------------------------------------
[2026-05-09 14:31:57] [info] Config loaded with PayHero credentials
Data: {
    "api_username": "8WCSp...",
    "account_id": "7950",
    "channel_id": 7550,
    "environment": "production"
}
--------------------------------------------------------------------------------
[2026-05-09 14:31:57] [info] Config loaded with PayHero credentials
Data: {
    "api_username": "8WCSp...",
    "account_id": "7950",
    "channel_id": 7550,
    "environment": "production"
}
--------------------------------------------------------------------------------
[2026-05-09 14:31:57] [info] Config loaded with PayHero credentials
Data: {
    "api_username": "8WCSp...",
    "account_id": "7950",
    "channel_id": 7550,
    "environment": "production"
}
--------------------------------------------------------------------------------
[2026-05-09 14:32:08] [info] Config loaded with PayHero credentials
Data: {
    "api_username": "8WCSp...",
    "account_id": "7950",
    "channel_id": 7550,
    "environment": "production"
}
--------------------------------------------------------------------------------
[2026-05-09 14:32:40] [info] Config loaded with PayHero credentials
Data: {
    "api_username": "8WCSp...",
    "account_id": "7950",
    "channel_id": 7550,
    "environment": "production"
}
--------------------------------------------------------------------------------
[2026-05-09 14:32:41] [info] Config loaded with PayHero credentials
Data: {
    "api_username": "8WCSp...",
    "account_id": "7950",
    "channel_id": 7550,
    "environment": "production"
}
--------------------------------------------------------------------------------
[2026-05-09 14:32:41] [info] Config loaded with PayHero credentials
Data: {
    "api_username": "8WCSp...",
    "account_id": "7950",
    "channel_id": 7550,
    "environment": "production"
}
--------------------------------------------------------------------------------
[2026-05-09 14:32:50] [info] Config loaded with PayHero credentials
Data: {
    "api_username": "8WCSp...",
    "account_id": "7950",
    "channel_id": 7550,
    "environment": "production"
}
--------------------------------------------------------------------------------
[2026-05-09 14:32:50] [info] Config loaded with PayHero credentials
Data: {
    "api_username": "8WCSp...",
    "account_id": "7950",
    "channel_id": 7550,
    "environment": "production"
}
--------------------------------------------------------------------------------
[2026-05-09 14:32:56] [info] Config loaded with PayHero credentials
Data: {
    "api_username": "8WCSp...",
    "account_id": "7950",
    "channel_id": 7550,
    "environment": "production"
}
--------------------------------------------------------------------------------
[2026-05-09 14:32:56] [info] Config loaded with PayHero credentials
Data: {
    "api_username": "8WCSp...",
    "account_id": "7950",
    "channel_id": 7550,
    "environment": "production"
}
--------------------------------------------------------------------------------
[2026-05-09 14:32:58] [info] Config loaded with PayHero credentials
Data: {
    "api_username": "8WCSp...",
    "account_id": "7950",
    "channel_id": 7550,
    "environment": "production"
}
--------------------------------------------------------------------------------
[2026-05-09 14:32:59] [info] Config loaded with PayHero credentials
Data: {
    "api_username": "8WCSp...",
    "account_id": "7950",
    "channel_id": 7550,
    "environment": "production"
}
--------------------------------------------------------------------------------
[2026-05-09 14:32:59] [info] Config loaded with PayHero credentials
Data: {
    "api_username": "8WCSp...",
    "account_id": "7950",
    "channel_id": 7550,
    "environment": "production"
}
--------------------------------------------------------------------------------
[2026-05-09 14:33:00] [info] Config loaded with PayHero credentials
Data: {
    "api_username": "8WCSp...",
    "account_id": "7950",
    "channel_id": 7550,
    "environment": "production"
}
--------------------------------------------------------------------------------
[2026-05-09 14:33:04] [info] Config loaded with PayHero credentials
Data: {
    "api_username": "8WCSp...",
    "account_id": "7950",
    "channel_id": 7550,
    "environment": "production"
}
--------------------------------------------------------------------------------
[2026-05-09 14:33:04] [info] Config loaded with PayHero credentials
Data: {
    "api_username": "8WCSp...",
    "account_id": "7950",
    "channel_id": 7550,
    "environment": "production"
}
--------------------------------------------------------------------------------
[2026-05-09 14:33:14] [info] Config loaded with PayHero credentials
Data: {
    "api_username": "8WCSp...",
    "account_id": "7950",
    "channel_id": 7550,
    "environment": "production"
}
--------------------------------------------------------------------------------
[2026-05-09 14:33:15] [info] Config loaded with PayHero credentials
Data: {
    "api_username": "8WCSp...",
    "account_id": "7950",
    "channel_id": 7550,
    "environment": "production"
}
--------------------------------------------------------------------------------
[2026-05-09 14:33:18] [info] Config loaded with PayHero credentials
Data: {
    "api_username": "8WCSp...",
    "account_id": "7950",
    "channel_id": 7550,
    "environment": "production"
}
--------------------------------------------------------------------------------
[2026-05-09 14:33:18] [info] Config loaded with PayHero credentials
Data: {
    "api_username": "8WCSp...",
    "account_id": "7950",
    "channel_id": 7550,
    "environment": "production"
}
--------------------------------------------------------------------------------
[2026-05-09 14:33:24] [info] Config loaded with PayHero credentials
Data: {
    "api_username": "8WCSp...",
    "account_id": "7950",
    "channel_id": 7550,
    "environment": "production"
}
--------------------------------------------------------------------------------
[2026-05-09 14:33:24] [info] Config loaded with PayHero credentials
Data: {
    "api_username": "8WCSp...",
    "account_id": "7950",
    "channel_id": 7550,
    "environment": "production"
}
--------------------------------------------------------------------------------
[2026-05-09 14:33:57] [info] Config loaded with PayHero credentials
Data: {
    "api_username": "8WCSp...",
    "account_id": "7950",
    "channel_id": 7550,
    "environment": "production"
}
--------------------------------------------------------------------------------
[2026-05-09 14:34:03] [info] Config loaded with PayHero credentials
Data: {
    "api_username": "8WCSp...",
    "account_id": "7950",
    "channel_id": 7550,
    "environment": "production"
}
--------------------------------------------------------------------------------
[2026-05-09 14:34:06] [info] Config loaded with PayHero credentials
Data: {
    "api_username": "8WCSp...",
    "account_id": "7950",
    "channel_id": 7550,
    "environment": "production"
}
--------------------------------------------------------------------------------
[2026-05-09 14:34:06] [info] Config loaded with PayHero credentials
Data: {
    "api_username": "8WCSp...",
    "account_id": "7950",
    "channel_id": 7550,
    "environment": "production"
}
--------------------------------------------------------------------------------
[2026-05-09 14:34:21] [info] Config loaded with PayHero credentials
Data: {
    "api_username": "8WCSp...",
    "account_id": "7950",
    "channel_id": 7550,
    "environment": "production"
}
--------------------------------------------------------------------------------
[2026-05-09 14:34:35] [info] Config loaded with PayHero credentials
Data: {
    "api_username": "8WCSp...",
    "account_id": "7950",
    "channel_id": 7550,
    "environment": "production"
}
--------------------------------------------------------------------------------
[2026-05-09 14:34:43] [info] Config loaded with PayHero credentials
Data: {
    "api_username": "8WCSp...",
    "account_id": "7950",
    "channel_id": 7550,
    "environment": "production"
}
--------------------------------------------------------------------------------
[2026-05-09 14:34:45] [info] Config loaded with PayHero credentials
Data: {
    "api_username": "8WCSp...",
    "account_id": "7950",
    "channel_id": 7550,
    "environment": "production"
}
--------------------------------------------------------------------------------
[2026-05-09 14:34:46] [info] Config loaded with PayHero credentials
Data: {
    "api_username": "8WCSp...",
    "account_id": "7950",
    "channel_id": 7550,
    "environment": "production"
}
--------------------------------------------------------------------------------
[2026-05-09 14:34:51] [info] Config loaded with PayHero credentials
Data: {
    "api_username": "8WCSp...",
    "account_id": "7950",
    "channel_id": 7550,
    "environment": "production"
}
--------------------------------------------------------------------------------
[2026-05-09 14:34:53] [info] Config loaded with PayHero credentials
Data: {
    "api_username": "8WCSp...",
    "account_id": "7950",
    "channel_id": 7550,
    "environment": "production"
}
--------------------------------------------------------------------------------
[2026-05-09 14:34:53] [info] Config loaded with PayHero credentials
Data: {
    "api_username": "8WCSp...",
    "account_id": "7950",
    "channel_id": 7550,
    "environment": "production"
}
--------------------------------------------------------------------------------
[2026-05-09 14:34:53] [info] Config loaded with PayHero credentials
Data: {
    "api_username": "8WCSp...",
    "account_id": "7950",
    "channel_id": 7550,
    "environment": "production"
}
--------------------------------------------------------------------------------
[2026-05-09 14:34:54] [info] Config loaded with PayHero credentials
Data: {
    "api_username": "8WCSp...",
    "account_id": "7950",
    "channel_id": 7550,
    "environment": "production"
}
--------------------------------------------------------------------------------
[2026-05-09 14:34:54] [info] Config loaded with PayHero credentials
Data: {
    "api_username": "8WCSp...",
    "account_id": "7950",
    "channel_id": 7550,
    "environment": "production"
}
--------------------------------------------------------------------------------
[2026-05-09 14:35:01] [info] Config loaded with PayHero credentials
Data: {
    "api_username": "8WCSp...",
    "account_id": "7950",
    "channel_id": 7550,
    "environment": "production"
}
--------------------------------------------------------------------------------
[2026-05-09 14:35:01] [info] Config loaded with PayHero credentials
Data: {
    "api_username": "8WCSp...",
    "account_id": "7950",
    "channel_id": 7550,
    "environment": "production"
}
--------------------------------------------------------------------------------
[2026-05-09 14:35:10] [info] Config loaded with PayHero credentials
Data: {
    "api_username": "8WCSp...",
    "account_id": "7950",
    "channel_id": 7550,
    "environment": "production"
}
--------------------------------------------------------------------------------
[2026-05-09 14:35:10] [info] Config loaded with PayHero credentials
Data: {
    "api_username": "8WCSp...",
    "account_id": "7950",
    "channel_id": 7550,
    "environment": "production"
}
--------------------------------------------------------------------------------
[2026-05-09 14:35:19] [info] Config loaded with PayHero credentials
Data: {
    "api_username": "8WCSp...",
    "account_id": "7950",
    "channel_id": 7550,
    "environment": "production"
}
--------------------------------------------------------------------------------
[2026-05-09 14:35:19] [info] Config loaded with PayHero credentials
Data: {
    "api_username": "8WCSp...",
    "account_id": "7950",
    "channel_id": 7550,
    "environment": "production"
}
--------------------------------------------------------------------------------
[2026-05-09 14:37:04] [info] Config loaded with PayHero credentials
Data: {
    "api_username": "8WCSp...",
    "account_id": "7950",
    "channel_id": 7550,
    "environment": "production"
}
--------------------------------------------------------------------------------
[2026-05-09 14:37:05] [info] Config loaded with PayHero credentials
Data: {
    "api_username": "8WCSp...",
    "account_id": "7950",
    "channel_id": 7550,
    "environment": "production"
}
--------------------------------------------------------------------------------
[2026-05-09 14:37:10] [info] Config loaded with PayHero credentials
Data: {
    "api_username": "8WCSp...",
    "account_id": "7950",
    "channel_id": 7550,
    "environment": "production"
}
--------------------------------------------------------------------------------
[2026-05-09 14:37:10] [info] Config loaded with PayHero credentials
Data: {
    "api_username": "8WCSp...",
    "account_id": "7950",
    "channel_id": 7550,
    "environment": "production"
}
--------------------------------------------------------------------------------
[2026-05-09 14:37:12] [info] Config loaded with PayHero credentials
Data: {
    "api_username": "8WCSp...",
    "account_id": "7950",
    "channel_id": 7550,
    "environment": "production"
}
--------------------------------------------------------------------------------
[2026-05-09 14:37:25] [info] Config loaded with PayHero credentials
Data: {
    "api_username": "8WCSp...",
    "account_id": "7950",
    "channel_id": 7550,
    "environment": "production"
}
--------------------------------------------------------------------------------
[2026-05-09 14:37:30] [info] Config loaded with PayHero credentials
Data: {
    "api_username": "8WCSp...",
    "account_id": "7950",
    "channel_id": 7550,
    "environment": "production"
}
--------------------------------------------------------------------------------
[2026-05-09 14:37:31] [info] Config loaded with PayHero credentials
Data: {
    "api_username": "8WCSp...",
    "account_id": "7950",
    "channel_id": 7550,
    "environment": "production"
}
--------------------------------------------------------------------------------
[2026-05-09 14:37:44] [info] Config loaded with PayHero credentials
Data: {
    "api_username": "8WCSp...",
    "account_id": "7950",
    "channel_id": 7550,
    "environment": "production"
}
--------------------------------------------------------------------------------
[2026-05-09 14:37:53] [info] Config loaded with PayHero credentials
Data: {
    "api_username": "8WCSp...",
    "account_id": "7950",
    "channel_id": 7550,
    "environment": "production"
}
--------------------------------------------------------------------------------
[2026-05-09 14:37:54] [info] Config loaded with PayHero credentials
Data: {
    "api_username": "8WCSp...",
    "account_id": "7950",
    "channel_id": 7550,
    "environment": "production"
}
--------------------------------------------------------------------------------
[2026-05-09 14:38:05] [info] Config loaded with PayHero credentials
Data: {
    "api_username": "8WCSp...",
    "account_id": "7950",
    "channel_id": 7550,
    "environment": "production"
}
--------------------------------------------------------------------------------
[2026-05-09 14:38:05] [info] Config loaded with PayHero credentials
Data: {
    "api_username": "8WCSp...",
    "account_id": "7950",
    "channel_id": 7550,
    "environment": "production"
}
--------------------------------------------------------------------------------
[2026-05-09 14:38:20] [info] Config loaded with PayHero credentials
Data: {
    "api_username": "8WCSp...",
    "account_id": "7950",
    "channel_id": 7550,
    "environment": "production"
}
--------------------------------------------------------------------------------
[2026-05-09 14:38:23] [info] Config loaded with PayHero credentials
Data: {
    "api_username": "8WCSp...",
    "account_id": "7950",
    "channel_id": 7550,
    "environment": "production"
}
--------------------------------------------------------------------------------
[2026-05-09 14:38:23] [info] Config loaded with PayHero credentials
Data: {
    "api_username": "8WCSp...",
    "account_id": "7950",
    "channel_id": 7550,
    "environment": "production"
}
--------------------------------------------------------------------------------
[2026-05-09 14:38:42] [info] Config loaded with PayHero credentials
Data: {
    "api_username": "8WCSp...",
    "account_id": "7950",
    "channel_id": 7550,
    "environment": "production"
}
--------------------------------------------------------------------------------
[2026-05-09 14:38:42] [info] Config loaded with PayHero credentials
Data: {
    "api_username": "8WCSp...",
    "account_id": "7950",
    "channel_id": 7550,
    "environment": "production"
}
--------------------------------------------------------------------------------
[2026-05-09 14:38:43] [info] Config loaded with PayHero credentials
Data: {
    "api_username": "8WCSp...",
    "account_id": "7950",
    "channel_id": 7550,
    "environment": "production"
}
--------------------------------------------------------------------------------
[2026-05-09 14:38:45] [info] Config loaded with PayHero credentials
Data: {
    "api_username": "8WCSp...",
    "account_id": "7950",
    "channel_id": 7550,
    "environment": "production"
}
--------------------------------------------------------------------------------
[2026-05-09 14:38:45] [info] Config loaded with PayHero credentials
Data: {
    "api_username": "8WCSp...",
    "account_id": "7950",
    "channel_id": 7550,
    "environment": "production"
}
--------------------------------------------------------------------------------
[2026-05-09 14:38:59] [info] Config loaded with PayHero credentials
Data: {
    "api_username": "8WCSp...",
    "account_id": "7950",
    "channel_id": 7550,
    "environment": "production"
}
--------------------------------------------------------------------------------
[2026-05-09 14:38:59] [info] Config loaded with PayHero credentials
Data: {
    "api_username": "8WCSp...",
    "account_id": "7950",
    "channel_id": 7550,
    "environment": "production"
}
--------------------------------------------------------------------------------
[2026-05-09 14:39:06] [info] Config loaded with PayHero credentials
Data: {
    "api_username": "8WCSp...",
    "account_id": "7950",
    "channel_id": 7550,
    "environment": "production"
}
--------------------------------------------------------------------------------
[2026-05-09 14:39:06] [info] Config loaded with PayHero credentials
Data: {
    "api_username": "8WCSp...",
    "account_id": "7950",
    "channel_id": 7550,
    "environment": "production"
}
--------------------------------------------------------------------------------
[2026-05-09 14:39:31] [info] Config loaded with PayHero credentials
Data: {
    "api_username": "8WCSp...",
    "account_id": "7950",
    "channel_id": 7550,
    "environment": "production"
}
--------------------------------------------------------------------------------
[2026-05-09 14:39:33] [info] Config loaded with PayHero credentials
Data: {
    "api_username": "8WCSp...",
    "account_id": "7950",
    "channel_id": 7550,
    "environment": "production"
}
--------------------------------------------------------------------------------
[2026-05-09 14:40:34] [info] Config loaded with PayHero credentials
Data: {
    "api_username": "8WCSp...",
    "account_id": "7950",
    "channel_id": 7550,
    "environment": "production"
}
--------------------------------------------------------------------------------
[2026-05-09 14:40:58] [info] Config loaded with PayHero credentials
Data: {
    "api_username": "8WCSp...",
    "account_id": "7950",
    "channel_id": 7550,
    "environment": "production"
}
--------------------------------------------------------------------------------
[2026-05-09 14:40:59] [info] Config loaded with PayHero credentials
Data: {
    "api_username": "8WCSp...",
    "account_id": "7950",
    "channel_id": 7550,
    "environment": "production"
}
--------------------------------------------------------------------------------
[2026-05-09 14:40:59] [info] Config loaded with PayHero credentials
Data: {
    "api_username": "8WCSp...",
    "account_id": "7950",
    "channel_id": 7550,
    "environment": "production"
}
--------------------------------------------------------------------------------
[2026-05-09 14:40:59] [info] Config loaded with PayHero credentials
Data: {
    "api_username": "8WCSp...",
    "account_id": "7950",
    "channel_id": 7550,
    "environment": "production"
}
--------------------------------------------------------------------------------
[2026-05-09 14:41:06] [info] Config loaded with PayHero credentials
Data: {
    "api_username": "8WCSp...",
    "account_id": "7950",
    "channel_id": 7550,
    "environment": "production"
}
--------------------------------------------------------------------------------
[2026-05-09 14:41:06] [info] Config loaded with PayHero credentials
Data: {
    "api_username": "8WCSp...",
    "account_id": "7950",
    "channel_id": 7550,
    "environment": "production"
}
--------------------------------------------------------------------------------
[2026-05-09 14:41:33] [info] Config loaded with PayHero credentials
Data: {
    "api_username": "8WCSp...",
    "account_id": "7950",
    "channel_id": 7550,
    "environment": "production"
}
--------------------------------------------------------------------------------
[2026-05-09 14:41:44] [info] Config loaded with PayHero credentials
Data: {
    "api_username": "8WCSp...",
    "account_id": "7950",
    "channel_id": 7550,
    "environment": "production"
}
--------------------------------------------------------------------------------
[2026-05-09 14:41:51] [info] Config loaded with PayHero credentials
Data: {
    "api_username": "8WCSp...",
    "account_id": "7950",
    "channel_id": 7550,
    "environment": "production"
}
--------------------------------------------------------------------------------
[2026-05-09 14:42:21] [info] Config loaded with PayHero credentials
Data: {
    "api_username": "8WCSp...",
    "account_id": "7950",
    "channel_id": 7550,
    "environment": "production"
}
--------------------------------------------------------------------------------
[2026-05-09 14:42:42] [info] Config loaded with PayHero credentials
Data: {
    "api_username": "8WCSp...",
    "account_id": "7950",
    "channel_id": 7550,
    "environment": "production"
}
--------------------------------------------------------------------------------
[2026-05-09 14:42:54] [info] Config loaded with PayHero credentials
Data: {
    "api_username": "8WCSp...",
    "account_id": "7950",
    "channel_id": 7550,
    "environment": "production"
}
--------------------------------------------------------------------------------
[2026-05-09 14:42:55] [info] Config loaded with PayHero credentials
Data: {
    "api_username": "8WCSp...",
    "account_id": "7950",
    "channel_id": 7550,
    "environment": "production"
}
--------------------------------------------------------------------------------
[2026-05-09 14:42:55] [info] Config loaded with PayHero credentials
Data: {
    "api_username": "8WCSp...",
    "account_id": "7950",
    "channel_id": 7550,
    "environment": "production"
}
--------------------------------------------------------------------------------
[2026-05-09 14:42:55] [info] Config loaded with PayHero credentials
Data: {
    "api_username": "8WCSp...",
    "account_id": "7950",
    "channel_id": 7550,
    "environment": "production"
}
--------------------------------------------------------------------------------
[2026-05-09 14:43:34] [info] Config loaded with PayHero credentials
Data: {
    "api_username": "8WCSp...",
    "account_id": "7950",
    "channel_id": 7550,
    "environment": "production"
}
--------------------------------------------------------------------------------
[2026-05-09 14:43:36] [info] Config loaded with PayHero credentials
Data: {
    "api_username": "8WCSp...",
    "account_id": "7950",
    "channel_id": 7550,
    "environment": "production"
}
--------------------------------------------------------------------------------
[2026-05-09 14:43:45] [info] Config loaded with PayHero credentials
Data: {
    "api_username": "8WCSp...",
    "account_id": "7950",
    "channel_id": 7550,
    "environment": "production"
}
--------------------------------------------------------------------------------
[2026-05-09 14:45:02] [info] Config loaded with PayHero credentials
Data: {
    "api_username": "8WCSp...",
    "account_id": "7950",
    "channel_id": 7550,
    "environment": "production"
}
--------------------------------------------------------------------------------
[2026-05-09 14:46:06] [info] Config loaded with PayHero credentials
Data: {
    "api_username": "8WCSp...",
    "account_id": "7950",
    "channel_id": 7550,
    "environment": "production"
}
--------------------------------------------------------------------------------
[2026-05-09 14:46:35] [info] Config loaded with PayHero credentials
Data: {
    "api_username": "8WCSp...",
    "account_id": "7950",
    "channel_id": 7550,
    "environment": "production"
}
--------------------------------------------------------------------------------
[2026-05-09 14:46:38] [info] Config loaded with PayHero credentials
Data: {
    "api_username": "8WCSp...",
    "account_id": "7950",
    "channel_id": 7550,
    "environment": "production"
}
--------------------------------------------------------------------------------
[2026-05-09 14:46:52] [info] Config loaded with PayHero credentials
Data: {
    "api_username": "8WCSp...",
    "account_id": "7950",
    "channel_id": 7550,
    "environment": "production"
}
--------------------------------------------------------------------------------
[2026-05-09 14:46:55] [info] Config loaded with PayHero credentials
Data: {
    "api_username": "8WCSp...",
    "account_id": "7950",
    "channel_id": 7550,
    "environment": "production"
}
--------------------------------------------------------------------------------
[2026-05-09 14:46:56] [info] Config loaded with PayHero credentials
Data: {
    "api_username": "8WCSp...",
    "account_id": "7950",
    "channel_id": 7550,
    "environment": "production"
}
--------------------------------------------------------------------------------
[2026-05-09 14:46:56] [info] Config loaded with PayHero credentials
Data: {
    "api_username": "8WCSp...",
    "account_id": "7950",
    "channel_id": 7550,
    "environment": "production"
}
--------------------------------------------------------------------------------
[2026-05-09 14:46:57] [info] Config loaded with PayHero credentials
Data: {
    "api_username": "8WCSp...",
    "account_id": "7950",
    "channel_id": 7550,
    "environment": "production"
}
--------------------------------------------------------------------------------
[2026-05-09 14:46:57] [info] Config loaded with PayHero credentials
Data: {
    "api_username": "8WCSp...",
    "account_id": "7950",
    "channel_id": 7550,
    "environment": "production"
}
--------------------------------------------------------------------------------
[2026-05-09 14:47:00] [info] Config loaded with PayHero credentials
Data: {
    "api_username": "8WCSp...",
    "account_id": "7950",
    "channel_id": 7550,
    "environment": "production"
}
--------------------------------------------------------------------------------
[2026-05-09 14:47:00] [info] Config loaded with PayHero credentials
Data: {
    "api_username": "8WCSp...",
    "account_id": "7950",
    "channel_id": 7550,
    "environment": "production"
}
--------------------------------------------------------------------------------
[2026-05-09 14:47:09] [info] Config loaded with PayHero credentials
Data: {
    "api_username": "8WCSp...",
    "account_id": "7950",
    "channel_id": 7550,
    "environment": "production"
}
--------------------------------------------------------------------------------
[2026-05-09 14:47:15] [info] Config loaded with PayHero credentials
Data: {
    "api_username": "8WCSp...",
    "account_id": "7950",
    "channel_id": 7550,
    "environment": "production"
}
--------------------------------------------------------------------------------
[2026-05-09 14:49:32] [info] Config loaded with PayHero credentials
Data: {
    "api_username": "8WCSp...",
    "account_id": "7950",
    "channel_id": 7550,
    "environment": "production"
}
--------------------------------------------------------------------------------
[2026-05-09 14:49:41] [info] Config loaded with PayHero credentials
Data: {
    "api_username": "8WCSp...",
    "account_id": "7950",
    "channel_id": 7550,
    "environment": "production"
}
--------------------------------------------------------------------------------
[2026-05-09 14:49:41] [info] Config loaded with PayHero credentials
Data: {
    "api_username": "8WCSp...",
    "account_id": "7950",
    "channel_id": 7550,
    "environment": "production"
}
--------------------------------------------------------------------------------
[2026-05-09 14:49:41] [info] Config loaded with PayHero credentials
Data: {
    "api_username": "8WCSp...",
    "account_id": "7950",
    "channel_id": 7550,
    "environment": "production"
}
--------------------------------------------------------------------------------
[2026-05-09 14:49:42] [info] Config loaded with PayHero credentials
Data: {
    "api_username": "8WCSp...",
    "account_id": "7950",
    "channel_id": 7550,
    "environment": "production"
}
--------------------------------------------------------------------------------
[2026-05-09 14:49:42] [info] Config loaded with PayHero credentials
Data: {
    "api_username": "8WCSp...",
    "account_id": "7950",
    "channel_id": 7550,
    "environment": "production"
}
--------------------------------------------------------------------------------
[2026-05-09 14:50:22] [info] Config loaded with PayHero credentials
Data: {
    "api_username": "8WCSp...",
    "account_id": "7950",
    "channel_id": 7550,
    "environment": "production"
}
--------------------------------------------------------------------------------
[2026-05-09 17:52:17] [info] Config loaded with PayHero credentials
Data: {
    "api_username": "8WCSp...",
    "account_id": "7950",
    "channel_id": 7550,
    "environment": "production"
}
--------------------------------------------------------------------------------
[2026-05-09 22:34:38] [info] Config loaded with PayHero credentials
Data: {
    "api_username": "8WCSp...",
    "account_id": "7950",
    "channel_id": 7550,
    "environment": "production"
}
--------------------------------------------------------------------------------
[2026-05-09 22:34:38] [info] Config loaded with PayHero credentials
Data: {
    "api_username": "8WCSp...",
    "account_id": "7950",
    "channel_id": 7550,
    "environment": "production"
}
--------------------------------------------------------------------------------
[2026-05-09 22:34:39] [info] Config loaded with PayHero credentials
Data: {
    "api_username": "8WCSp...",
    "account_id": "7950",
    "channel_id": 7550,
    "environment": "production"
}
--------------------------------------------------------------------------------
[2026-05-09 22:34:40] [info] Config loaded with PayHero credentials
Data: {
    "api_username": "8WCSp...",
    "account_id": "7950",
    "channel_id": 7550,
    "environment": "production"
}
--------------------------------------------------------------------------------
[2026-05-09 22:34:40] [info] Config loaded with PayHero credentials
Data: {
    "api_username": "8WCSp...",
    "account_id": "7950",
    "channel_id": 7550,
    "environment": "production"
}
--------------------------------------------------------------------------------
[2026-05-09 22:34:41] [info] Config loaded with PayHero credentials
Data: {
    "api_username": "8WCSp...",
    "account_id": "7950",
    "channel_id": 7550,
    "environment": "production"
}
--------------------------------------------------------------------------------
[2026-05-09 22:34:45] [info] Config loaded with PayHero credentials
Data: {
    "api_username": "8WCSp...",
    "account_id": "7950",
    "channel_id": 7550,
    "environment": "production"
}
--------------------------------------------------------------------------------
[2026-05-09 22:34:46] [info] Config loaded with PayHero credentials
Data: {
    "api_username": "8WCSp...",
    "account_id": "7950",
    "channel_id": 7550,
    "environment": "production"
}
--------------------------------------------------------------------------------
[2026-05-09 22:34:49] [info] Config loaded with PayHero credentials
Data: {
    "api_username": "8WCSp...",
    "account_id": "7950",
    "channel_id": 7550,
    "environment": "production"
}
--------------------------------------------------------------------------------
[2026-05-09 22:47:12] [info] Config loaded with PayHero credentials
Data: {
    "api_username": "8WCSp...",
    "account_id": "7950",
    "channel_id": 7550,
    "environment": "production"
}
--------------------------------------------------------------------------------
[2026-05-09 22:47:20] [info] Config loaded with PayHero credentials
Data: {
    "api_username": "8WCSp...",
    "account_id": "7950",
    "channel_id": 7550,
    "environment": "production"
}
--------------------------------------------------------------------------------
[2026-05-09 22:47:22] [info] Config loaded with PayHero credentials
Data: {
    "api_username": "8WCSp...",
    "account_id": "7950",
    "channel_id": 7550,
    "environment": "production"
}
--------------------------------------------------------------------------------
[2026-05-09 23:05:08] [info] Config loaded with PayHero credentials
Data: {
    "api_username": "8WCSp...",
    "account_id": "7950",
    "channel_id": 7550,
    "environment": "production"
}
--------------------------------------------------------------------------------
